<?xml version="1.0" encoding="UTF-8"?>
<coverage generated="1788479184692" clover="3.2.0">
  <project timestamp="1788479184692" name="All files">
    <metrics statements="256" coveredstatements="163" conditionals="279" coveredconditionals="127" methods="73" coveredmethods="41" elements="608" coveredelements="331" complexity="0" loc="256" ncloc="256" packages="2" files="11" classes="11"/>
    <package name="architecture">
      <metrics statements="36" coveredstatements="27" conditionals="45" coveredconditionals="20" methods="12" coveredmethods="8"/>
      <file name="FindWordInOtherTab.tsx" path="/Users/alialmahdi/Bic_Reader/architecture/FindWordInOtherTab.tsx">
        <metrics statements="21" coveredstatements="14" conditionals="30" coveredconditionals="11" methods="5" coveredmethods="3"/>
        <line num="26" count="0" type="cond" truecount="0" falsecount="2"/>
        <line num="27" count="0" type="stmt"/>
        <line num="32" count="0" type="stmt"/>
        <line num="41" count="0" type="cond" truecount="0" falsecount="2"/>
        <line num="42" count="0" type="cond" truecount="0" falsecount="2"/>
        <line num="43" count="0" type="cond" truecount="0" falsecount="2"/>
        <line num="44" count="0" type="stmt"/>
        <line num="55" count="1" type="stmt"/>
        <line num="56" count="1" type="cond" truecount="1" falsecount="1"/>
        <line num="57" count="1" type="stmt"/>
        <line num="58" count="1" type="stmt"/>
        <line num="60" count="1" type="cond" truecount="1" falsecount="1"/>
        <line num="62" count="1" type="stmt"/>
        <line num="63" count="1" type="cond" truecount="1" falsecount="1"/>
        <line num="64" count="1" type="stmt"/>
        <line num="65" count="1" type="stmt"/>
        <line num="68" count="3" type="cond" truecount="1" falsecount="1"/>
        <line num="69" count="3" type="stmt"/>
        <line num="72" count="1" type="cond" truecount="1" falsecount="1"/>
        <line num="73" count="1" type="cond" truecount="2" falsecount="0"/>
        <line num="75" count="1" type="stmt"/>
      </file>
      <file name="HorizontalSwipFlip.tsx" path="/Users/alialmahdi/Bic_Reader/architecture/HorizontalSwipFlip.tsx">
        <metrics statements="15" coveredstatements="13" conditionals="15" coveredconditionals="9" methods="7" coveredmethods="5"/>
        <line num="20" count="1" type="stmt"/>
        <line num="21" count="1" type="cond" truecount="1" falsecount="1"/>
        <line num="22" count="1" type="stmt"/>
        <line num="23" count="1" type="cond" truecount="1" falsecount="1"/>
        <line num="25" count="1" type="cond" truecount="1" falsecount="1"/>
        <line num="26" count="1" type="stmt"/>
        <line num="28" count="1" type="stmt"/>
        <line num="40" count="1" type="cond" truecount="1" falsecount="1"/>
        <line num="41" count="1" type="stmt"/>
        <line num="42" count="2" type="stmt"/>
        <line num="44" count="2" type="cond" truecount="3" falsecount="0"/>
        <line num="49" count="1" type="cond" truecount="1" falsecount="1"/>
        <line num="50" count="0" type="stmt"/>
        <line num="51" count="0" type="stmt"/>
        <line num="56" count="1" type="stmt"/>
      </file>
    </package>
    <package name="architecture.anchor">
      <metrics statements="220" coveredstatements="136" conditionals="234" coveredconditionals="107" methods="61" coveredmethods="33"/>
      <file name="AnchorController.ts" path="/Users/alialmahdi/Bic_Reader/architecture/anchor/AnchorController.ts">
        <metrics statements="23" coveredstatements="22" conditionals="36" coveredconditionals="28" methods="7" coveredmethods="6"/>
        <line num="4" count="1" type="stmt"/>
        <line num="8" count="2" type="cond" truecount="1" falsecount="1"/>
        <line num="16" count="1" type="stmt"/>
        <line num="19" count="6" type="stmt"/>
        <line num="22" count="1" type="stmt"/>
        <line num="23" count="1" type="cond" truecount="1" falsecount="1"/>
        <line num="24" count="1" type="stmt"/>
        <line num="28" count="4" type="cond" truecount="2" falsecount="0"/>
        <line num="29" count="3" type="stmt"/>
        <line num="33" count="0" type="stmt"/>
        <line num="37" count="4" type="cond" truecount="5" falsecount="0"/>
        <line num="38" count="1" type="cond" truecount="1" falsecount="1"/>
        <line num="39" count="1" type="stmt"/>
        <line num="41" count="3" type="stmt"/>
        <line num="42" count="3" type="cond" truecount="5" falsecount="0"/>
        <line num="44" count="1" type="cond" truecount="1" falsecount="1"/>
        <line num="45" count="1" type="stmt"/>
        <line num="47" count="2" type="stmt"/>
        <line num="57" count="2" type="stmt"/>
        <line num="58" count="2" type="cond" truecount="1" falsecount="1"/>
        <line num="59" count="2" type="cond" truecount="2" falsecount="0"/>
        <line num="60" count="2" type="stmt"/>
        <line num="64" count="1" type="stmt"/>
      </file>
      <file name="AnchorMetrics.ts" path="/Users/alialmahdi/Bic_Reader/architecture/anchor/AnchorMetrics.ts">
        <metrics statements="21" coveredstatements="17" conditionals="22" coveredconditionals="14" methods="4" coveredmethods="4"/>
        <line num="13" count="2" type="stmt"/>
        <line num="14" count="2" type="stmt"/>
        <line num="21" count="7" type="cond" truecount="3" falsecount="1"/>
        <line num="22" count="7" type="cond" truecount="2" falsecount="0"/>
        <line num="23" count="6" type="cond" truecount="1" falsecount="1"/>
        <line num="25" count="6" type="stmt"/>
        <line num="26" count="6" type="cond" truecount="2" falsecount="0"/>
        <line num="27" count="5" type="stmt"/>
        <line num="29" count="5" type="cond" truecount="1" falsecount="1"/>
        <line num="33" count="5" type="stmt"/>
        <line num="34" count="5" type="stmt"/>
        <line num="35" count="0" type="cond" truecount="0" falsecount="2"/>
        <line num="39" count="0" type="stmt"/>
        <line num="40" count="0" type="stmt"/>
        <line num="42" count="0" type="stmt"/>
        <line num="44" count="5" type="stmt"/>
        <line num="48" count="109" type="stmt"/>
        <line num="49" count="109" type="cond" truecount="2" falsecount="0"/>
        <line num="50" count="109" type="cond" truecount="1" falsecount="1"/>
        <line num="54" count="2" type="stmt"/>
        <line num="58" count="1" type="stmt"/>
      </file>
      <file name="AnchorStore.ts" path="/Users/alialmahdi/Bic_Reader/architecture/anchor/AnchorStore.ts">
        <metrics statements="8" coveredstatements="7" conditionals="2" coveredconditionals="0" methods="7" coveredmethods="5"/>
        <line num="16" count="1" type="stmt"/>
        <line num="18" count="1" type="stmt"/>
        <line num="23" count="2" type="stmt"/>
        <line num="24" count="3" type="stmt"/>
        <line num="25" count="3" type="stmt"/>
        <line num="26" count="30" type="stmt"/>
        <line num="27" count="0" type="stmt"/>
        <line num="33" count="1" type="stmt"/>
      </file>
      <file name="AnchorTypes.ts" path="/Users/alialmahdi/Bic_Reader/architecture/anchor/AnchorTypes.ts">
        <metrics statements="0" coveredstatements="0" conditionals="0" coveredconditionals="0" methods="0" coveredmethods="0"/>
      </file>
      <file name="HorizontalAnchorAdapter.ts" path="/Users/alialmahdi/Bic_Reader/architecture/anchor/HorizontalAnchorAdapter.ts">
        <metrics statements="35" coveredstatements="8" conditionals="33" coveredconditionals="7" methods="14" coveredmethods="4"/>
        <line num="12" count="1" type="stmt"/>
        <line num="23" count="50010" type="cond" truecount="1" falsecount="1"/>
        <line num="24" count="50010" type="cond" truecount="1" falsecount="1"/>
        <line num="25" count="50010" type="stmt"/>
        <line num="26" count="100021" type="stmt"/>
        <line num="27" count="100021" type="cond" truecount="4" falsecount="0"/>
        <line num="30" count="50010" type="cond" truecount="1" falsecount="1"/>
        <line num="31" count="0" type="stmt"/>
        <line num="32" count="0" type="cond" truecount="0" falsecount="2"/>
        <line num="34" count="0" type="cond" truecount="0" falsecount="2"/>
        <line num="36" count="0" type="stmt"/>
        <line num="39" count="2" type="stmt"/>
        <line num="48" count="0" type="cond" truecount="0" falsecount="2"/>
        <line num="49" count="0" type="stmt"/>
        <line num="51" count="0" type="stmt"/>
        <line num="52" count="0" type="stmt"/>
        <line num="53" count="0" type="cond" truecount="0" falsecount="2"/>
        <line num="54" count="0" type="stmt"/>
        <line num="56" count="0" type="stmt"/>
        <line num="59" count="0" type="stmt"/>
        <line num="60" count="0" type="stmt"/>
        <line num="63" count="0" type="cond" truecount="0" falsecount="2"/>
        <line num="64" count="0" type="stmt"/>
        <line num="65" count="0" type="stmt"/>
        <line num="66" count="0" type="stmt"/>
        <line num="67" count="0" type="cond" truecount="0" falsecount="4"/>
        <line num="68" count="0" type="stmt"/>
        <line num="69" count="0" type="cond" truecount="0" falsecount="2"/>
        <line num="70" count="0" type="stmt"/>
        <line num="71" count="0" type="cond" truecount="0" falsecount="2"/>
        <line num="72" count="0" type="cond" truecount="0" falsecount="2"/>
        <line num="75" count="0" type="stmt"/>
        <line num="77" count="0" type="stmt"/>
        <line num="79" count="0" type="stmt"/>
        <line num="80" count="0" type="stmt"/>
      </file>
      <file name="OriginalAnchorAdapter.ts" path="/Users/alialmahdi/Bic_Reader/architecture/anchor/OriginalAnchorAdapter.ts">
        <metrics statements="22" coveredstatements="1" conditionals="25" coveredconditionals="0" methods="9" coveredmethods="1"/>
        <line num="9" count="50005" type="stmt"/>
        <line num="17" count="0" type="cond" truecount="0" falsecount="2"/>
        <line num="18" count="0" type="cond" truecount="0" falsecount="2"/>
        <line num="19" count="0" type="stmt"/>
        <line num="20" count="0" type="cond" truecount="0" falsecount="2"/>
        <line num="21" count="0" type="cond" truecount="0" falsecount="4"/>
        <line num="22" count="0" type="stmt"/>
        <line num="23" count="0" type="stmt"/>
        <line num="27" count="0" type="stmt"/>
        <line num="28" count="0" type="cond" truecount="0" falsecount="4"/>
        <line num="31" count="0" type="stmt"/>
        <line num="48" count="0" type="stmt"/>
        <line num="50" count="0" type="stmt"/>
        <line num="51" count="0" type="stmt"/>
        <line num="52" count="0" type="cond" truecount="0" falsecount="2"/>
        <line num="53" count="0" type="stmt"/>
        <line num="55" count="0" type="stmt"/>
        <line num="58" count="0" type="stmt"/>
        <line num="59" count="0" type="stmt"/>
        <line num="62" count="0" type="stmt"/>
        <line num="63" count="0" type="stmt"/>
        <line num="64" count="0" type="stmt"/>
      </file>
      <file name="TransitionController.ts" path="/Users/alialmahdi/Bic_Reader/architecture/anchor/TransitionController.ts">
        <metrics statements="65" coveredstatements="63" conditionals="67" coveredconditionals="39" methods="5" coveredmethods="5"/>
        <line num="9" count="1" type="stmt"/>
        <line num="10" count="1" type="stmt"/>
        <line num="13" count="5" type="stmt"/>
        <line num="16" count="53" type="stmt"/>
        <line num="17" count="53" type="cond" truecount="2" falsecount="0"/>
        <line num="21" count="5" type="stmt"/>
        <line num="22" count="5" type="cond" truecount="2" falsecount="0"/>
        <line num="23" count="1" type="stmt"/>
        <line num="24" count="1" type="stmt"/>
        <line num="30" count="1" type="cond" truecount="1" falsecount="1"/>
        <line num="34" count="20" type="cond" truecount="1" falsecount="1"/>
        <line num="35" count="20" type="stmt"/>
        <line num="36" count="20" type="stmt"/>
        <line num="37" count="20" type="stmt"/>
        <line num="43" count="20" type="cond" truecount="1" falsecount="1"/>
        <line num="44" count="20" type="stmt"/>
        <line num="54" count="5" type="stmt"/>
        <line num="55" count="5" type="stmt"/>
        <line num="56" count="5" type="stmt"/>
        <line num="57" count="5" type="stmt"/>
        <line num="58" count="5" type="stmt"/>
        <line num="59" count="5" type="stmt"/>
        <line num="60" count="5" type="cond" truecount="5" falsecount="1"/>
        <line num="61" count="4" type="stmt"/>
        <line num="62" count="4" type="cond" truecount="2" falsecount="2"/>
        <line num="63" count="4" type="cond" truecount="1" falsecount="1"/>
        <line num="64" count="4" type="stmt"/>
        <line num="65" count="4" type="cond" truecount="1" falsecount="1"/>
        <line num="66" count="4" type="cond" truecount="1" falsecount="1"/>
        <line num="67" count="4" type="stmt"/>
        <line num="68" count="6" type="stmt"/>
        <line num="69" count="6" type="stmt"/>
        <line num="70" count="6" type="cond" truecount="1" falsecount="1"/>
        <line num="71" count="6" type="cond" truecount="2" falsecount="4"/>
        <line num="72" count="6" type="stmt"/>
        <line num="73" count="6" type="cond" truecount="1" falsecount="1"/>
        <line num="74" count="6" type="stmt"/>
        <line num="75" count="6" type="cond" truecount="1" falsecount="1"/>
        <line num="76" count="6" type="cond" truecount="1" falsecount="1"/>
        <line num="77" count="6" type="cond" truecount="2" falsecount="0"/>
        <line num="78" count="3" type="stmt"/>
        <line num="79" count="3" type="stmt"/>
        <line num="83" count="3" type="stmt"/>
        <line num="84" count="3" type="stmt"/>
        <line num="85" count="3" type="stmt"/>
        <line num="86" count="3" type="stmt"/>
        <line num="95" count="3" type="stmt"/>
        <line num="104" count="3" type="cond" truecount="1" falsecount="1"/>
        <line num="105" count="0" type="stmt"/>
        <line num="113" count="3" type="cond" truecount="1" falsecount="1"/>
        <line num="114" count="0" type="stmt"/>
        <line num="122" count="3" type="stmt"/>
        <line num="124" count="3" type="stmt"/>
        <line num="131" count="3" type="cond" truecount="1" falsecount="1"/>
        <line num="132" count="3" type="stmt"/>
        <line num="140" count="1" type="stmt"/>
        <line num="142" count="2" type="cond" truecount="2" falsecount="0"/>
        <line num="143" count="1" type="cond" truecount="1" falsecount="1"/>
        <line num="144" count="1" type="cond" truecount="1" falsecount="1"/>
        <line num="145" count="1" type="cond" truecount="1" falsecount="1"/>
        <line num="146" count="1" type="stmt"/>
        <line num="153" count="1" type="stmt"/>
        <line num="160" count="1" type="cond" truecount="1" falsecount="1"/>
        <line num="161" count="1" type="stmt"/>
        <line num="166" count="1" type="stmt"/>
      </file>
      <file name="TranslationAnchorMapper.ts" path="/Users/alialmahdi/Bic_Reader/architecture/anchor/TranslationAnchorMapper.ts">
        <metrics statements="9" coveredstatements="9" conditionals="12" coveredconditionals="7" methods="5" coveredmethods="5"/>
        <line num="3" count="2" type="stmt"/>
        <line num="4" count="50006" type="stmt"/>
        <line num="6" count="2" type="stmt"/>
        <line num="7" count="3" type="stmt"/>
        <line num="8" count="3" type="cond" truecount="2" falsecount="0"/>
        <line num="12" count="50005" type="cond" truecount="1" falsecount="1"/>
        <line num="16" count="1" type="stmt"/>
        <line num="27" count="4" type="cond" truecount="2" falsecount="0"/>
        <line num="28" count="3" type="cond" truecount="1" falsecount="1"/>
      </file>
      <file name="VerticalAnchorAdapter.ts" path="/Users/alialmahdi/Bic_Reader/architecture/anchor/VerticalAnchorAdapter.ts">
        <metrics statements="37" coveredstatements="9" conditionals="37" coveredconditionals="12" methods="10" coveredmethods="3"/>
        <line num="13" count="50009" type="stmt"/>
        <line num="25" count="0" type="stmt"/>
        <line num="36" count="1" type="stmt"/>
        <line num="49" count="2" type="cond" truecount="3" falsecount="1"/>
        <line num="50" count="2" type="cond" truecount="1" falsecount="1"/>
        <line num="51" count="2" type="cond" truecount="1" falsecount="1"/>
        <line num="52" count="2" type="cond" truecount="1" falsecount="1"/>
        <line num="59" count="0" type="stmt"/>
        <line num="61" count="2" type="cond" truecount="1" falsecount="1"/>
        <line num="67" count="2" type="stmt"/>
        <line num="69" count="0" type="stmt"/>
        <line num="71" count="0" type="stmt"/>
        <line num="83" count="2" type="stmt"/>
        <line num="92" count="0" type="cond" truecount="0" falsecount="2"/>
        <line num="93" count="0" type="stmt"/>
        <line num="95" count="0" type="stmt"/>
        <line num="96" count="0" type="stmt"/>
        <line num="97" count="0" type="cond" truecount="0" falsecount="2"/>
        <line num="98" count="0" type="stmt"/>
        <line num="100" count="0" type="stmt"/>
        <line num="103" count="0" type="stmt"/>
        <line num="104" count="0" type="stmt"/>
        <line num="107" count="0" type="cond" truecount="0" falsecount="2"/>
        <line num="108" count="0" type="stmt"/>
        <line num="109" count="0" type="stmt"/>
        <line num="110" count="0" type="stmt"/>
        <line num="111" count="0" type="cond" truecount="0" falsecount="2"/>
        <line num="115" count="0" type="stmt"/>
        <line num="116" count="0" type="stmt"/>
        <line num="117" count="0" type="cond" truecount="0" falsecount="2"/>
        <line num="118" count="0" type="stmt"/>
        <line num="119" count="0" type="cond" truecount="0" falsecount="2"/>
        <line num="120" count="0" type="cond" truecount="0" falsecount="2"/>
        <line num="123" count="0" type="stmt"/>
        <line num="125" count="0" type="stmt"/>
        <line num="127" count="0" type="stmt"/>
        <line num="128" count="0" type="cond" truecount="0" falsecount="2"/>
      </file>
    </package>
  </project>
</coverage>
