{"/Users/alialmahdi/Bic_Reader/architecture/FindWordInOtherTab.tsx": {"path":"/Users/alialmahdi/Bic_Reader/architecture/FindWordInOtherTab.tsx","statementMap":{"0":{"start":{"line":26,"column":2},"end":{"line":31,"column":3}},"1":{"start":{"line":27,"column":4},"end":{"line":30,"column":6}},"2":{"start":{"line":32,"column":2},"end":{"line":37,"column":4}},"3":{"start":{"line":41,"column":2},"end":{"line":41,"column":46}},"4":{"start":{"line":41,"column":30},"end":{"line":41,"column":46}},"5":{"start":{"line":42,"column":2},"end":{"line":42,"column":54}},"6":{"start":{"line":42,"column":34},"end":{"line":42,"column":54}},"7":{"start":{"line":43,"column":2},"end":{"line":43,"column":50}},"8":{"start":{"line":43,"column":32},"end":{"line":43,"column":50}},"9":{"start":{"line":44,"column":2},"end":{"line":44,"column":14}},"10":{"start":{"line":55,"column":20},"end":{"line":55,"column":25}},"11":{"start":{"line":56,"column":2},"end":{"line":56,"column":26}},"12":{"start":{"line":56,"column":14},"end":{"line":56,"column":26}},"13":{"start":{"line":57,"column":16},"end":{"line":59,"column":3}},"14":{"start":{"line":58,"column":19},"end":{"line":58,"column":49}},"15":{"start":{"line":60,"column":2},"end":{"line":60,"column":26}},"16":{"start":{"line":60,"column":14},"end":{"line":60,"column":26}},"17":{"start":{"line":62,"column":16},"end":{"line":62,"column":55}},"18":{"start":{"line":63,"column":2},"end":{"line":63,"column":33}},"19":{"start":{"line":63,"column":21},"end":{"line":63,"column":33}},"20":{"start":{"line":64,"column":26},"end":{"line":64,"column":51}},"21":{"start":{"line":65,"column":20},"end":{"line":71,"column":3}},"22":{"start":{"line":68,"column":20},"end":{"line":68,"column":36}},"23":{"start":{"line":69,"column":6},"end":{"line":69,"column":55}},"24":{"start":{"line":72,"column":16},"end":{"line":72,"column":44}},"25":{"start":{"line":73,"column":21},"end":{"line":73,"column":70}},"26":{"start":{"line":75,"column":2},"end":{"line":84,"column":4}}},"fnMap":{"0":{"name":"findWordMenuItems","decl":{"start":{"line":22,"column":16},"end":{"line":22,"column":33}},"loc":{"start":{"line":25,"column":2},"end":{"line":38,"column":1}},"line":25},"1":{"name":"findTargetForMenuKey","decl":{"start":{"line":40,"column":16},"end":{"line":40,"column":36}},"loc":{"start":{"line":40,"column":73},"end":{"line":45,"column":1}},"line":40},"2":{"name":"anchorForSelectedWord","decl":{"start":{"line":48,"column":16},"end":{"line":48,"column":37}},"loc":{"start":{"line":54,"column":26},"end":{"line":85,"column":1}},"line":54},"3":{"name":"(anonymous_3)","decl":{"start":{"line":58,"column":4},"end":{"line":58,"column":5}},"loc":{"start":{"line":58,"column":19},"end":{"line":58,"column":49}},"line":58},"4":{"name":"(anonymous_4)","decl":{"start":{"line":67,"column":20},"end":{"line":67,"column":21}},"loc":{"start":{"line":67,"column":31},"end":{"line":70,"column":5}},"line":67}},"branchMap":{"0":{"loc":{"start":{"line":26,"column":2},"end":{"line":31,"column":3}},"type":"if","locations":[{"start":{"line":26,"column":2},"end":{"line":31,"column":3}},{"start":{},"end":{}}],"line":26},"1":{"loc":{"start":{"line":33,"column":8},"end":{"line":35,"column":10}},"type":"cond-expr","locations":[{"start":{"line":34,"column":8},"end":{"line":34,"column":67}},{"start":{"line":35,"column":8},"end":{"line":35,"column":10}}],"line":33},"2":{"loc":{"start":{"line":41,"column":2},"end":{"line":41,"column":46}},"type":"if","locations":[{"start":{"line":41,"column":2},"end":{"line":41,"column":46}},{"start":{},"end":{}}],"line":41},"3":{"loc":{"start":{"line":42,"column":2},"end":{"line":42,"column":54}},"type":"if","locations":[{"start":{"line":42,"column":2},"end":{"line":42,"column":54}},{"start":{},"end":{}}],"line":42},"4":{"loc":{"start":{"line":43,"column":2},"end":{"line":43,"column":50}},"type":"if","locations":[{"start":{"line":43,"column":2},"end":{"line":43,"column":50}},{"start":{},"end":{}}],"line":43},"5":{"loc":{"start":{"line":56,"column":2},"end":{"line":56,"column":26}},"type":"if","locations":[{"start":{"line":56,"column":2},"end":{"line":56,"column":26}},{"start":{},"end":{}}],"line":56},"6":{"loc":{"start":{"line":60,"column":2},"end":{"line":60,"column":26}},"type":"if","locations":[{"start":{"line":60,"column":2},"end":{"line":60,"column":26}},{"start":{},"end":{}}],"line":60},"7":{"loc":{"start":{"line":63,"column":2},"end":{"line":63,"column":33}},"type":"if","locations":[{"start":{"line":63,"column":2},"end":{"line":63,"column":33}},{"start":{},"end":{}}],"line":63},"8":{"loc":{"start":{"line":68,"column":20},"end":{"line":68,"column":36}},"type":"binary-expr","locations":[{"start":{"line":68,"column":20},"end":{"line":68,"column":31}},{"start":{"line":68,"column":35},"end":{"line":68,"column":36}}],"line":68},"9":{"loc":{"start":{"line":72,"column":16},"end":{"line":72,"column":44}},"type":"binary-expr","locations":[{"start":{"line":72,"column":16},"end":{"line":72,"column":32}},{"start":{"line":72,"column":36},"end":{"line":72,"column":44}}],"line":72},"10":{"loc":{"start":{"line":73,"column":21},"end":{"line":73,"column":70}},"type":"binary-expr","locations":[{"start":{"line":73,"column":21},"end":{"line":73,"column":48}},{"start":{"line":73,"column":52},"end":{"line":73,"column":70}}],"line":73},"11":{"loc":{"start":{"line":77,"column":19},"end":{"line":79,"column":16}},"type":"cond-expr","locations":[{"start":{"line":78,"column":8},"end":{"line":78,"column":52}},{"start":{"line":79,"column":8},"end":{"line":79,"column":16}}],"line":77},"12":{"loc":{"start":{"line":80,"column":10},"end":{"line":80,"column":67}},"type":"binary-expr","locations":[{"start":{"line":80,"column":10},"end":{"line":80,"column":55}},{"start":{"line":80,"column":59},"end":{"line":80,"column":67}}],"line":80},"13":{"loc":{"start":{"line":82,"column":21},"end":{"line":82,"column":37}},"type":"binary-expr","locations":[{"start":{"line":82,"column":21},"end":{"line":82,"column":32}},{"start":{"line":82,"column":36},"end":{"line":82,"column":37}}],"line":82},"14":{"loc":{"start":{"line":83,"column":19},"end":{"line":83,"column":72}},"type":"cond-expr","locations":[{"start":{"line":83,"column":38},"end":{"line":83,"column":68}},{"start":{"line":83,"column":71},"end":{"line":83,"column":72}}],"line":83}},"s":{"0":0,"1":0,"2":0,"3":0,"4":0,"5":0,"6":0,"7":0,"8":0,"9":0,"10":1,"11":1,"12":0,"13":1,"14":1,"15":1,"16":0,"17":1,"18":1,"19":0,"20":1,"21":1,"22":3,"23":3,"24":1,"25":1,"26":1},"f":{"0":0,"1":0,"2":1,"3":1,"4":3},"b":{"0":[0,0],"1":[0,0],"2":[0,0],"3":[0,0],"4":[0,0],"5":[0,1],"6":[0,1],"7":[0,1],"8":[3,0],"9":[1,0],"10":[1,1],"11":[1,0],"12":[1,0],"13":[1,0],"14":[1,0]},"_coverageSchema":"1a1c01bbd47fc00a2c39e90264f33305004495a9","hash":"1a76e06e1e63689b9eb7791a2ec48a6d5727f707"}
,"/Users/alialmahdi/Bic_Reader/architecture/HorizontalSwipFlip.tsx": {"path":"/Users/alialmahdi/Bic_Reader/architecture/HorizontalSwipFlip.tsx","statementMap":{"0":{"start":{"line":20,"column":18},"end":{"line":20,"column":27}},"1":{"start":{"line":21,"column":2},"end":{"line":21,"column":33}},"2":{"start":{"line":21,"column":16},"end":{"line":21,"column":33}},"3":{"start":{"line":22,"column":20},"end":{"line":22,"column":45}},"4":{"start":{"line":23,"column":22},"end":{"line":23,"column":67}},"5":{"start":{"line":25,"column":4},"end":{"line":27,"column":40}},"6":{"start":{"line":26,"column":23},"end":{"line":26,"column":51}},"7":{"start":{"line":28,"column":2},"end":{"line":32,"column":4}},"8":{"start":{"line":40,"column":2},"end":{"line":40,"column":25}},"9":{"start":{"line":40,"column":15},"end":{"line":40,"column":25}},"10":{"start":{"line":41,"column":16},"end":{"line":48,"column":3}},"11":{"start":{"line":42,"column":4},"end":{"line":47,"column":5}},"12":{"start":{"line":44,"column":8},"end":{"line":46,"column":70}},"13":{"start":{"line":49,"column":2},"end":{"line":49,"column":31}},"14":{"start":{"line":49,"column":18},"end":{"line":49,"column":31}},"15":{"start":{"line":50,"column":2},"end":{"line":52,"column":4}},"16":{"start":{"line":51,"column":4},"end":{"line":51,"column":62}},"17":{"start":{"line":51,"column":27},"end":{"line":51,"column":61}},"18":{"start":{"line":56,"column":41},"end":{"line":56,"column":43}}},"fnMap":{"0":{"name":"captureHorizontalFlipAnchor","decl":{"start":{"line":16,"column":16},"end":{"line":16,"column":43}},"loc":{"start":{"line":19,"column":36},"end":{"line":33,"column":1}},"line":19},"1":{"name":"(anonymous_1)","decl":{"start":{"line":26,"column":12},"end":{"line":26,"column":13}},"loc":{"start":{"line":26,"column":23},"end":{"line":26,"column":51}},"line":26},"2":{"name":"horizontalPageForFlipAnchor","decl":{"start":{"line":36,"column":16},"end":{"line":36,"column":43}},"loc":{"start":{"line":39,"column":2},"end":{"line":53,"column":1}},"line":39},"3":{"name":"(anonymous_3)","decl":{"start":{"line":41,"column":32},"end":{"line":41,"column":33}},"loc":{"start":{"line":42,"column":4},"end":{"line":47,"column":5}},"line":42},"4":{"name":"(anonymous_4)","decl":{"start":{"line":43,"column":6},"end":{"line":43,"column":7}},"loc":{"start":{"line":44,"column":8},"end":{"line":46,"column":70}},"line":44},"5":{"name":"(anonymous_5)","decl":{"start":{"line":50,"column":25},"end":{"line":50,"column":26}},"loc":{"start":{"line":51,"column":4},"end":{"line":51,"column":62}},"line":51},"6":{"name":"(anonymous_6)","decl":{"start":{"line":51,"column":14},"end":{"line":51,"column":15}},"loc":{"start":{"line":51,"column":27},"end":{"line":51,"column":61}},"line":51}},"branchMap":{"0":{"loc":{"start":{"line":21,"column":2},"end":{"line":21,"column":33}},"type":"if","locations":[{"start":{"line":21,"column":2},"end":{"line":21,"column":33}},{"start":{},"end":{}}],"line":21},"1":{"loc":{"start":{"line":23,"column":45},"end":{"line":23,"column":66}},"type":"binary-expr","locations":[{"start":{"line":23,"column":45},"end":{"line":23,"column":61}},{"start":{"line":23,"column":65},"end":{"line":23,"column":66}}],"line":23},"2":{"loc":{"start":{"line":25,"column":4},"end":{"line":27,"column":40}},"type":"binary-expr","locations":[{"start":{"line":25,"column":4},"end":{"line":27,"column":34}},{"start":{"line":27,"column":38},"end":{"line":27,"column":40}}],"line":25},"3":{"loc":{"start":{"line":31,"column":15},"end":{"line":31,"column":48}},"type":"binary-expr","locations":[{"start":{"line":31,"column":15},"end":{"line":31,"column":43}},{"start":{"line":31,"column":47},"end":{"line":31,"column":48}}],"line":31},"4":{"loc":{"start":{"line":40,"column":2},"end":{"line":40,"column":25}},"type":"if","locations":[{"start":{"line":40,"column":2},"end":{"line":40,"column":25}},{"start":{},"end":{}}],"line":40},"5":{"loc":{"start":{"line":44,"column":8},"end":{"line":46,"column":70}},"type":"binary-expr","locations":[{"start":{"line":44,"column":8},"end":{"line":44,"column":42}},{"start":{"line":45,"column":8},"end":{"line":45,"column":49}},{"start":{"line":46,"column":8},"end":{"line":46,"column":70}}],"line":44},"6":{"loc":{"start":{"line":49,"column":2},"end":{"line":49,"column":31}},"type":"if","locations":[{"start":{"line":49,"column":2},"end":{"line":49,"column":31}},{"start":{},"end":{}}],"line":49}},"s":{"0":1,"1":1,"2":0,"3":1,"4":1,"5":1,"6":1,"7":1,"8":1,"9":0,"10":1,"11":2,"12":2,"13":1,"14":1,"15":0,"16":0,"17":0,"18":1},"f":{"0":1,"1":1,"2":1,"3":2,"4":2,"5":0,"6":0},"b":{"0":[0,1],"1":[1,0],"2":[1,0],"3":[1,0],"4":[0,1],"5":[2,2,2],"6":[1,0]},"_coverageSchema":"1a1c01bbd47fc00a2c39e90264f33305004495a9","hash":"fc0e1bdb4bd761cb0ea902293f414fd5e2ea2ce5"}
,"/Users/alialmahdi/Bic_Reader/architecture/anchor/AnchorController.ts": {"path":"/Users/alialmahdi/Bic_Reader/architecture/anchor/AnchorController.ts","statementMap":{"0":{"start":{"line":4,"column":22},"end":{"line":6,"column":2}},"1":{"start":{"line":8,"column":16},"end":{"line":10,"column":64}},"2":{"start":{"line":8,"column":47},"end":{"line":10,"column":64}},"3":{"start":{"line":16,"column":4},"end":{"line":16,"column":33}},"4":{"start":{"line":19,"column":14},"end":{"line":19,"column":63}},"5":{"start":{"line":22,"column":20},"end":{"line":22,"column":34}},"6":{"start":{"line":23,"column":4},"end":{"line":23,"column":69}},"7":{"start":{"line":23,"column":54},"end":{"line":23,"column":69}},"8":{"start":{"line":24,"column":4},"end":{"line":24,"column":64}},"9":{"start":{"line":28,"column":4},"end":{"line":28,"column":61}},"10":{"start":{"line":28,"column":39},"end":{"line":28,"column":61}},"11":{"start":{"line":29,"column":4},"end":{"line":29,"column":51}},"12":{"start":{"line":33,"column":4},"end":{"line":33,"column":51}},"13":{"start":{"line":37,"column":4},"end":{"line":40,"column":5}},"14":{"start":{"line":38,"column":6},"end":{"line":38,"column":97}},"15":{"start":{"line":38,"column":19},"end":{"line":38,"column":97}},"16":{"start":{"line":39,"column":6},"end":{"line":39,"column":28}},"17":{"start":{"line":41,"column":20},"end":{"line":41,"column":34}},"18":{"start":{"line":42,"column":4},"end":{"line":46,"column":5}},"19":{"start":{"line":44,"column":6},"end":{"line":44,"column":130}},"20":{"start":{"line":44,"column":19},"end":{"line":44,"column":130}},"21":{"start":{"line":45,"column":6},"end":{"line":45,"column":21}},"22":{"start":{"line":47,"column":36},"end":{"line":56,"column":5}},"23":{"start":{"line":57,"column":4},"end":{"line":57,"column":57}},"24":{"start":{"line":58,"column":4},"end":{"line":58,"column":68}},"25":{"start":{"line":58,"column":17},"end":{"line":58,"column":68}},"26":{"start":{"line":59,"column":4},"end":{"line":59,"column":44}},"27":{"start":{"line":59,"column":17},"end":{"line":59,"column":44}},"28":{"start":{"line":60,"column":4},"end":{"line":60,"column":18}},"29":{"start":{"line":64,"column":32},"end":{"line":64,"column":54}}},"fnMap":{"0":{"name":"(anonymous_0)","decl":{"start":{"line":8,"column":16},"end":{"line":8,"column":17}},"loc":{"start":{"line":8,"column":47},"end":{"line":10,"column":64}},"line":8},"1":{"name":"(anonymous_1)","decl":{"start":{"line":15,"column":2},"end":{"line":15,"column":3}},"loc":{"start":{"line":15,"column":73},"end":{"line":17,"column":3}},"line":15},"2":{"name":"(anonymous_2)","decl":{"start":{"line":19,"column":2},"end":{"line":19,"column":3}},"loc":{"start":{"line":19,"column":12},"end":{"line":19,"column":65}},"line":19},"3":{"name":"(anonymous_3)","decl":{"start":{"line":21,"column":2},"end":{"line":21,"column":3}},"loc":{"start":{"line":21,"column":41},"end":{"line":25,"column":3}},"line":21},"4":{"name":"(anonymous_4)","decl":{"start":{"line":27,"column":2},"end":{"line":27,"column":3}},"loc":{"start":{"line":27,"column":66},"end":{"line":30,"column":3}},"line":27},"5":{"name":"(anonymous_5)","decl":{"start":{"line":32,"column":2},"end":{"line":32,"column":3}},"loc":{"start":{"line":32,"column":92},"end":{"line":34,"column":3}},"line":32},"6":{"name":"(anonymous_6)","decl":{"start":{"line":36,"column":2},"end":{"line":36,"column":3}},"loc":{"start":{"line":36,"column":91},"end":{"line":61,"column":3}},"line":36}},"branchMap":{"0":{"loc":{"start":{"line":8,"column":47},"end":{"line":10,"column":64}},"type":"cond-expr","locations":[{"start":{"line":9,"column":4},"end":{"line":9,"column":13}},{"start":{"line":10,"column":4},"end":{"line":10,"column":64}}],"line":8},"1":{"loc":{"start":{"line":10,"column":28},"end":{"line":10,"column":62}},"type":"cond-expr","locations":[{"start":{"line":10,"column":53},"end":{"line":10,"column":58}},{"start":{"line":10,"column":61},"end":{"line":10,"column":62}}],"line":10},"2":{"loc":{"start":{"line":23,"column":4},"end":{"line":23,"column":69}},"type":"if","locations":[{"start":{"line":23,"column":4},"end":{"line":23,"column":69}},{"start":{},"end":{}}],"line":23},"3":{"loc":{"start":{"line":28,"column":4},"end":{"line":28,"column":61}},"type":"if","locations":[{"start":{"line":28,"column":4},"end":{"line":28,"column":61}},{"start":{},"end":{}}],"line":28},"4":{"loc":{"start":{"line":37,"column":4},"end":{"line":40,"column":5}},"type":"if","locations":[{"start":{"line":37,"column":4},"end":{"line":40,"column":5}},{"start":{},"end":{}}],"line":37},"5":{"loc":{"start":{"line":37,"column":8},"end":{"line":37,"column":99}},"type":"binary-expr","locations":[{"start":{"line":37,"column":8},"end":{"line":37,"column":29}},{"start":{"line":37,"column":33},"end":{"line":37,"column":71}},{"start":{"line":37,"column":75},"end":{"line":37,"column":99}}],"line":37},"6":{"loc":{"start":{"line":38,"column":6},"end":{"line":38,"column":97}},"type":"if","locations":[{"start":{"line":38,"column":6},"end":{"line":38,"column":97}},{"start":{},"end":{}}],"line":38},"7":{"loc":{"start":{"line":42,"column":4},"end":{"line":46,"column":5}},"type":"if","locations":[{"start":{"line":42,"column":4},"end":{"line":46,"column":5}},{"start":{},"end":{}}],"line":42},"8":{"loc":{"start":{"line":42,"column":8},"end":{"line":43,"column":81}},"type":"binary-expr","locations":[{"start":{"line":42,"column":8},"end":{"line":42,"column":52}},{"start":{"line":43,"column":8},"end":{"line":43,"column":40}},{"start":{"line":43,"column":44},"end":{"line":43,"column":81}}],"line":42},"9":{"loc":{"start":{"line":44,"column":6},"end":{"line":44,"column":130}},"type":"if","locations":[{"start":{"line":44,"column":6},"end":{"line":44,"column":130}},{"start":{},"end":{}}],"line":44},"10":{"loc":{"start":{"line":51,"column":17},"end":{"line":51,"column":109}},"type":"cond-expr","locations":[{"start":{"line":51,"column":53},"end":{"line":51,"column":62}},{"start":{"line":51,"column":65},"end":{"line":51,"column":109}}],"line":51},"11":{"loc":{"start":{"line":52,"column":23},"end":{"line":52,"column":127}},"type":"cond-expr","locations":[{"start":{"line":52,"column":65},"end":{"line":52,"column":74}},{"start":{"line":52,"column":77},"end":{"line":52,"column":127}}],"line":52},"12":{"loc":{"start":{"line":54,"column":25},"end":{"line":54,"column":96}},"type":"cond-expr","locations":[{"start":{"line":54,"column":72},"end":{"line":54,"column":92}},{"start":{"line":54,"column":95},"end":{"line":54,"column":96}}],"line":54},"13":{"loc":{"start":{"line":54,"column":98},"end":{"line":54,"column":121}},"type":"binary-expr","locations":[{"start":{"line":54,"column":98},"end":{"line":54,"column":116}},{"start":{"line":54,"column":120},"end":{"line":54,"column":121}}],"line":54},"14":{"loc":{"start":{"line":55,"column":17},"end":{"line":55,"column":64}},"type":"binary-expr","locations":[{"start":{"line":55,"column":17},"end":{"line":55,"column":36}},{"start":{"line":55,"column":40},"end":{"line":55,"column":64}}],"line":55},"15":{"loc":{"start":{"line":58,"column":4},"end":{"line":58,"column":68}},"type":"if","locations":[{"start":{"line":58,"column":4},"end":{"line":58,"column":68}},{"start":{},"end":{}}],"line":58},"16":{"loc":{"start":{"line":59,"column":4},"end":{"line":59,"column":44}},"type":"if","locations":[{"start":{"line":59,"column":4},"end":{"line":59,"column":44}},{"start":{},"end":{}}],"line":59}},"s":{"0":1,"1":1,"2":2,"3":1,"4":6,"5":1,"6":1,"7":0,"8":1,"9":4,"10":1,"11":3,"12":0,"13":4,"14":1,"15":1,"16":1,"17":3,"18":3,"19":1,"20":1,"21":1,"22":2,"23":2,"24":2,"25":2,"26":2,"27":1,"28":2,"29":1},"f":{"0":2,"1":1,"2":6,"3":1,"4":4,"5":0,"6":4},"b":{"0":[0,2],"1":[2,0],"2":[0,1],"3":[1,3],"4":[1,3],"5":[4,4,4],"6":[1,0],"7":[1,2],"8":[3,1,1],"9":[1,0],"10":[0,2],"11":[1,1],"12":[0,2],"13":[2,1],"14":[2,1],"15":[2,0],"16":[1,1]},"_coverageSchema":"1a1c01bbd47fc00a2c39e90264f33305004495a9","hash":"1b972bad7d93af87f5947be5fe68250ae4a4cfc7"}
,"/Users/alialmahdi/Bic_Reader/architecture/anchor/AnchorMetrics.ts": {"path":"/Users/alialmahdi/Bic_Reader/architecture/anchor/AnchorMetrics.ts","statementMap":{"0":{"start":{"line":13,"column":42},"end":{"line":13,"column":44}},"1":{"start":{"line":14,"column":20},"end":{"line":14,"column":23}},"2":{"start":{"line":21,"column":2},"end":{"line":21,"column":69}},"3":{"start":{"line":21,"column":60},"end":{"line":21,"column":69}},"4":{"start":{"line":22,"column":2},"end":{"line":22,"column":58}},"5":{"start":{"line":22,"column":49},"end":{"line":22,"column":58}},"6":{"start":{"line":23,"column":2},"end":{"line":23,"column":42}},"7":{"start":{"line":23,"column":31},"end":{"line":23,"column":42}},"8":{"start":{"line":25,"column":14},"end":{"line":25,"column":16}},"9":{"start":{"line":26,"column":2},"end":{"line":26,"column":68}},"10":{"start":{"line":26,"column":55},"end":{"line":26,"column":68}},"11":{"start":{"line":27,"column":2},"end":{"line":27,"column":14}},"12":{"start":{"line":29,"column":2},"end":{"line":43,"column":3}},"13":{"start":{"line":33,"column":18},"end":{"line":33,"column":73}},"14":{"start":{"line":34,"column":4},"end":{"line":34,"column":49}},"15":{"start":{"line":35,"column":9},"end":{"line":43,"column":3}},"16":{"start":{"line":39,"column":18},"end":{"line":39,"column":77}},"17":{"start":{"line":40,"column":4},"end":{"line":40,"column":48}},"18":{"start":{"line":42,"column":4},"end":{"line":42,"column":16}},"19":{"start":{"line":44,"column":2},"end":{"line":44,"column":27}},"20":{"start":{"line":48,"column":2},"end":{"line":48,"column":29}},"21":{"start":{"line":49,"column":2},"end":{"line":49,"column":64}},"22":{"start":{"line":49,"column":42},"end":{"line":49,"column":64}},"23":{"start":{"line":50,"column":2},"end":{"line":50,"column":60}},"24":{"start":{"line":50,"column":15},"end":{"line":50,"column":60}},"25":{"start":{"line":54,"column":2},"end":{"line":54,"column":31}},"26":{"start":{"line":60,"column":2},"end":{"line":62,"column":3}},"27":{"start":{"line":61,"column":4},"end":{"line":61,"column":85}},"28":{"start":{"line":63,"column":20},"end":{"line":63,"column":76}},"29":{"start":{"line":63,"column":47},"end":{"line":63,"column":75}},"30":{"start":{"line":64,"column":20},"end":{"line":64,"column":84}},"31":{"start":{"line":64,"column":44},"end":{"line":64,"column":61}},"32":{"start":{"line":64,"column":78},"end":{"line":64,"column":83}},"33":{"start":{"line":65,"column":21},"end":{"line":67,"column":60}},"34":{"start":{"line":66,"column":21},"end":{"line":66,"column":41}},"35":{"start":{"line":67,"column":40},"end":{"line":67,"column":59}},"36":{"start":{"line":68,"column":21},"end":{"line":69,"column":89}},"37":{"start":{"line":69,"column":4},"end":{"line":69,"column":89}},"38":{"start":{"line":70,"column":2},"end":{"line":78,"column":4}},"39":{"start":{"line":74,"column":55},"end":{"line":74,"column":68}},"40":{"start":{"line":82,"column":2},"end":{"line":82,"column":27}}},"fnMap":{"0":{"name":"anchorAccuracyScore","decl":{"start":{"line":17,"column":16},"end":{"line":17,"column":35}},"loc":{"start":{"line":20,"column":2},"end":{"line":45,"column":1}},"line":20},"1":{"name":"recordTransitionMetric","decl":{"start":{"line":47,"column":16},"end":{"line":47,"column":38}},"loc":{"start":{"line":47,"column":65},"end":{"line":51,"column":1}},"line":47},"2":{"name":"getRecentTransitionMetrics","decl":{"start":{"line":53,"column":16},"end":{"line":53,"column":42}},"loc":{"start":{"line":53,"column":45},"end":{"line":55,"column":1}},"line":53},"3":{"name":"summarizeTransitionMetrics","decl":{"start":{"line":57,"column":16},"end":{"line":57,"column":42}},"loc":{"start":{"line":59,"column":2},"end":{"line":79,"column":1}},"line":59},"4":{"name":"(anonymous_4)","decl":{"start":{"line":63,"column":35},"end":{"line":63,"column":36}},"loc":{"start":{"line":63,"column":47},"end":{"line":63,"column":75}},"line":63},"5":{"name":"(anonymous_5)","decl":{"start":{"line":64,"column":32},"end":{"line":64,"column":33}},"loc":{"start":{"line":64,"column":44},"end":{"line":64,"column":61}},"line":64},"6":{"name":"(anonymous_6)","decl":{"start":{"line":64,"column":68},"end":{"line":64,"column":69}},"loc":{"start":{"line":64,"column":78},"end":{"line":64,"column":83}},"line":64},"7":{"name":"(anonymous_7)","decl":{"start":{"line":66,"column":9},"end":{"line":66,"column":10}},"loc":{"start":{"line":66,"column":21},"end":{"line":66,"column":41}},"line":66},"8":{"name":"(anonymous_8)","decl":{"start":{"line":67,"column":12},"end":{"line":67,"column":13}},"loc":{"start":{"line":67,"column":40},"end":{"line":67,"column":59}},"line":67},"9":{"name":"(anonymous_9)","decl":{"start":{"line":68,"column":21},"end":{"line":68,"column":22}},"loc":{"start":{"line":69,"column":4},"end":{"line":69,"column":89}},"line":69},"10":{"name":"(anonymous_10)","decl":{"start":{"line":74,"column":37},"end":{"line":74,"column":38}},"loc":{"start":{"line":74,"column":55},"end":{"line":74,"column":68}},"line":74},"11":{"name":"resetTransitionMetrics","decl":{"start":{"line":81,"column":16},"end":{"line":81,"column":38}},"loc":{"start":{"line":81,"column":41},"end":{"line":83,"column":1}},"line":81}},"branchMap":{"0":{"loc":{"start":{"line":21,"column":2},"end":{"line":21,"column":69}},"type":"if","locations":[{"start":{"line":21,"column":2},"end":{"line":21,"column":69}},{"start":{},"end":{}}],"line":21},"1":{"loc":{"start":{"line":21,"column":6},"end":{"line":21,"column":58}},"type":"binary-expr","locations":[{"start":{"line":21,"column":6},"end":{"line":21,"column":13}},{"start":{"line":21,"column":17},"end":{"line":21,"column":58}}],"line":21},"2":{"loc":{"start":{"line":22,"column":2},"end":{"line":22,"column":58}},"type":"if","locations":[{"start":{"line":22,"column":2},"end":{"line":22,"column":58}},{"start":{},"end":{}}],"line":22},"3":{"loc":{"start":{"line":23,"column":2},"end":{"line":23,"column":42}},"type":"if","locations":[{"start":{"line":23,"column":2},"end":{"line":23,"column":42}},{"start":{},"end":{}}],"line":23},"4":{"loc":{"start":{"line":26,"column":2},"end":{"line":26,"column":68}},"type":"if","locations":[{"start":{"line":26,"column":2},"end":{"line":26,"column":68}},{"start":{},"end":{}}],"line":26},"5":{"loc":{"start":{"line":29,"column":2},"end":{"line":43,"column":3}},"type":"if","locations":[{"start":{"line":29,"column":2},"end":{"line":43,"column":3}},{"start":{"line":35,"column":9},"end":{"line":43,"column":3}}],"line":29},"6":{"loc":{"start":{"line":30,"column":4},"end":{"line":31,"column":38}},"type":"binary-expr","locations":[{"start":{"line":30,"column":4},"end":{"line":30,"column":40}},{"start":{"line":31,"column":4},"end":{"line":31,"column":38}}],"line":30},"7":{"loc":{"start":{"line":35,"column":9},"end":{"line":43,"column":3}},"type":"if","locations":[{"start":{"line":35,"column":9},"end":{"line":43,"column":3}},{"start":{"line":41,"column":9},"end":{"line":43,"column":3}}],"line":35},"8":{"loc":{"start":{"line":36,"column":4},"end":{"line":37,"column":40}},"type":"binary-expr","locations":[{"start":{"line":36,"column":4},"end":{"line":36,"column":42}},{"start":{"line":37,"column":4},"end":{"line":37,"column":40}}],"line":36},"9":{"loc":{"start":{"line":49,"column":2},"end":{"line":49,"column":64}},"type":"if","locations":[{"start":{"line":49,"column":2},"end":{"line":49,"column":64}},{"start":{},"end":{}}],"line":49},"10":{"loc":{"start":{"line":50,"column":2},"end":{"line":50,"column":60}},"type":"if","locations":[{"start":{"line":50,"column":2},"end":{"line":50,"column":60}},{"start":{},"end":{}}],"line":50},"11":{"loc":{"start":{"line":58,"column":2},"end":{"line":58,"column":45}},"type":"default-arg","locations":[{"start":{"line":58,"column":32},"end":{"line":58,"column":45}}],"line":58},"12":{"loc":{"start":{"line":60,"column":2},"end":{"line":62,"column":3}},"type":"if","locations":[{"start":{"line":60,"column":2},"end":{"line":62,"column":3}},{"start":{},"end":{}}],"line":60},"13":{"loc":{"start":{"line":73,"column":21},"end":{"line":75,"column":9}},"type":"cond-expr","locations":[{"start":{"line":74,"column":8},"end":{"line":74,"column":93}},{"start":{"line":75,"column":8},"end":{"line":75,"column":9}}],"line":73}},"s":{"0":2,"1":2,"2":7,"3":0,"4":7,"5":1,"6":6,"7":0,"8":6,"9":6,"10":1,"11":5,"12":5,"13":5,"14":5,"15":0,"16":0,"17":0,"18":0,"19":5,"20":109,"21":109,"22":5,"23":109,"24":109,"25":2,"26":1,"27":0,"28":1,"29":3,"30":1,"31":3,"32":2,"33":1,"34":2,"35":2,"36":1,"37":2,"38":1,"39":2,"40":1},"f":{"0":7,"1":109,"2":2,"3":1,"4":3,"5":3,"6":2,"7":2,"8":2,"9":2,"10":2,"11":1},"b":{"0":[0,7],"1":[7,7],"2":[1,6],"3":[0,6],"4":[1,5],"5":[5,0],"6":[5,5],"7":[0,0],"8":[0,0],"9":[5,104],"10":[109,0],"11":[0],"12":[0,1],"13":[1,0]},"_coverageSchema":"1a1c01bbd47fc00a2c39e90264f33305004495a9","hash":"aa0ec15af2d0a21d11755b9b7479842dcafac05f"}
,"/Users/alialmahdi/Bic_Reader/architecture/anchor/AnchorStore.ts": {"path":"/Users/alialmahdi/Bic_Reader/architecture/anchor/AnchorStore.ts","statementMap":{"0":{"start":{"line":16,"column":40},"end":{"line":16,"column":80}},"1":{"start":{"line":18,"column":30},"end":{"line":31,"column":3}},"2":{"start":{"line":18,"column":60},"end":{"line":31,"column":1}},"3":{"start":{"line":23,"column":43},"end":{"line":23,"column":67}},"4":{"start":{"line":24,"column":33},"end":{"line":24,"column":52}},"5":{"start":{"line":25,"column":37},"end":{"line":25,"column":58}},"6":{"start":{"line":26,"column":33},"end":{"line":26,"column":52}},"7":{"start":{"line":27,"column":36},"end":{"line":30,"column":5}},"8":{"start":{"line":27,"column":52},"end":{"line":30,"column":3}},"9":{"start":{"line":33,"column":27},"end":{"line":33,"column":41}}},"fnMap":{"0":{"name":"(anonymous_0)","decl":{"start":{"line":18,"column":50},"end":{"line":18,"column":51}},"loc":{"start":{"line":18,"column":60},"end":{"line":31,"column":1}},"line":18},"1":{"name":"(anonymous_1)","decl":{"start":{"line":23,"column":22},"end":{"line":23,"column":23}},"loc":{"start":{"line":23,"column":43},"end":{"line":23,"column":67}},"line":23},"2":{"name":"(anonymous_2)","decl":{"start":{"line":24,"column":17},"end":{"line":24,"column":18}},"loc":{"start":{"line":24,"column":33},"end":{"line":24,"column":52}},"line":24},"3":{"name":"(anonymous_3)","decl":{"start":{"line":25,"column":19},"end":{"line":25,"column":20}},"loc":{"start":{"line":25,"column":37},"end":{"line":25,"column":58}},"line":25},"4":{"name":"(anonymous_4)","decl":{"start":{"line":26,"column":17},"end":{"line":26,"column":18}},"loc":{"start":{"line":26,"column":33},"end":{"line":26,"column":52}},"line":26},"5":{"name":"(anonymous_5)","decl":{"start":{"line":27,"column":20},"end":{"line":27,"column":21}},"loc":{"start":{"line":27,"column":36},"end":{"line":30,"column":5}},"line":27},"6":{"name":"(anonymous_6)","decl":{"start":{"line":27,"column":40},"end":{"line":27,"column":41}},"loc":{"start":{"line":27,"column":52},"end":{"line":30,"column":3}},"line":27}},"branchMap":{"0":{"loc":{"start":{"line":28,"column":21},"end":{"line":28,"column":100}},"type":"cond-expr","locations":[{"start":{"line":28,"column":72},"end":{"line":28,"column":93}},{"start":{"line":28,"column":96},"end":{"line":28,"column":100}}],"line":28}},"s":{"0":1,"1":1,"2":1,"3":2,"4":3,"5":3,"6":30,"7":0,"8":0,"9":1},"f":{"0":1,"1":2,"2":3,"3":3,"4":30,"5":0,"6":0},"b":{"0":[0,0]},"_coverageSchema":"1a1c01bbd47fc00a2c39e90264f33305004495a9","hash":"98b0e8956f3c8b8e4a978b62f3fae04f002122cb"}
,"/Users/alialmahdi/Bic_Reader/architecture/anchor/AnchorTypes.ts": {"path":"/Users/alialmahdi/Bic_Reader/architecture/anchor/AnchorTypes.ts","statementMap":{},"fnMap":{},"branchMap":{},"s":{},"f":{},"b":{}}
,"/Users/alialmahdi/Bic_Reader/architecture/anchor/HorizontalAnchorAdapter.ts": {"path":"/Users/alialmahdi/Bic_Reader/architecture/anchor/HorizontalAnchorAdapter.ts","statementMap":{"0":{"start":{"line":12,"column":2},"end":{"line":16,"column":4}},"1":{"start":{"line":23,"column":2},"end":{"line":23,"column":25}},"2":{"start":{"line":23,"column":15},"end":{"line":23,"column":25}},"3":{"start":{"line":24,"column":2},"end":{"line":33,"column":3}},"4":{"start":{"line":25,"column":19},"end":{"line":25,"column":41}},"5":{"start":{"line":26,"column":18},"end":{"line":29,"column":6}},"6":{"start":{"line":26,"column":44},"end":{"line":29,"column":5}},"7":{"start":{"line":27,"column":6},"end":{"line":28,"column":118}},"8":{"start":{"line":30,"column":4},"end":{"line":30,"column":33}},"9":{"start":{"line":30,"column":20},"end":{"line":30,"column":33}},"10":{"start":{"line":31,"column":18},"end":{"line":31,"column":109}},"11":{"start":{"line":31,"column":44},"end":{"line":31,"column":108}},"12":{"start":{"line":31,"column":67},"end":{"line":31,"column":107}},"13":{"start":{"line":32,"column":4},"end":{"line":32,"column":33}},"14":{"start":{"line":32,"column":20},"end":{"line":32,"column":33}},"15":{"start":{"line":34,"column":2},"end":{"line":36,"column":98}},"16":{"start":{"line":36,"column":32},"end":{"line":36,"column":96}},"17":{"start":{"line":36,"column":55},"end":{"line":36,"column":95}},"18":{"start":{"line":39,"column":33},"end":{"line":39,"column":37}},"19":{"start":{"line":48,"column":26},"end":{"line":48,"column":78}},"20":{"start":{"line":49,"column":2},"end":{"line":86,"column":4}},"21":{"start":{"line":51,"column":24},"end":{"line":51,"column":34}},"22":{"start":{"line":52,"column":6},"end":{"line":55,"column":7}},"23":{"start":{"line":53,"column":8},"end":{"line":53,"column":47}},"24":{"start":{"line":53,"column":35},"end":{"line":53,"column":47}},"25":{"start":{"line":54,"column":8},"end":{"line":54,"column":70}},"26":{"start":{"line":54,"column":45},"end":{"line":54,"column":68}},"27":{"start":{"line":56,"column":6},"end":{"line":56,"column":19}},"28":{"start":{"line":59,"column":6},"end":{"line":59,"column":42}},"29":{"start":{"line":60,"column":6},"end":{"line":60,"column":43}},"30":{"start":{"line":63,"column":23},"end":{"line":63,"column":70}},"31":{"start":{"line":64,"column":24},"end":{"line":64,"column":34}},"32":{"start":{"line":65,"column":26},"end":{"line":65,"column":27}},"33":{"start":{"line":66,"column":6},"end":{"line":78,"column":7}},"34":{"start":{"line":67,"column":8},"end":{"line":67,"column":89}},"35":{"start":{"line":67,"column":83},"end":{"line":67,"column":89}},"36":{"start":{"line":68,"column":23},"end":{"line":68,"column":37}},"37":{"start":{"line":69,"column":8},"end":{"line":76,"column":9}},"38":{"start":{"line":70,"column":10},"end":{"line":70,"column":29}},"39":{"start":{"line":71,"column":10},"end":{"line":73,"column":11}},"40":{"start":{"line":72,"column":12},"end":{"line":72,"column":71}},"41":{"start":{"line":75,"column":10},"end":{"line":75,"column":28}},"42":{"start":{"line":77,"column":8},"end":{"line":77,"column":70}},"43":{"start":{"line":77,"column":45},"end":{"line":77,"column":68}},"44":{"start":{"line":79,"column":21},"end":{"line":79,"column":35}},"45":{"start":{"line":80,"column":6},"end":{"line":84,"column":8}}},"fnMap":{"0":{"name":"generatedPageDestination","decl":{"start":{"line":7,"column":16},"end":{"line":7,"column":40}},"loc":{"start":{"line":11,"column":28},"end":{"line":17,"column":1}},"line":11},"1":{"name":"generatedPageForAnchor","decl":{"start":{"line":19,"column":16},"end":{"line":19,"column":38}},"loc":{"start":{"line":22,"column":2},"end":{"line":37,"column":1}},"line":22},"2":{"name":"(anonymous_2)","decl":{"start":{"line":26,"column":34},"end":{"line":26,"column":35}},"loc":{"start":{"line":26,"column":44},"end":{"line":29,"column":5}},"line":26},"3":{"name":"(anonymous_3)","decl":{"start":{"line":26,"column":54},"end":{"line":26,"column":55}},"loc":{"start":{"line":27,"column":6},"end":{"line":28,"column":118}},"line":27},"4":{"name":"(anonymous_4)","decl":{"start":{"line":31,"column":34},"end":{"line":31,"column":35}},"loc":{"start":{"line":31,"column":44},"end":{"line":31,"column":108}},"line":31},"5":{"name":"(anonymous_5)","decl":{"start":{"line":31,"column":54},"end":{"line":31,"column":55}},"loc":{"start":{"line":31,"column":67},"end":{"line":31,"column":107}},"line":31},"6":{"name":"(anonymous_6)","decl":{"start":{"line":36,"column":22},"end":{"line":36,"column":23}},"loc":{"start":{"line":36,"column":32},"end":{"line":36,"column":96}},"line":36},"7":{"name":"(anonymous_7)","decl":{"start":{"line":36,"column":42},"end":{"line":36,"column":43}},"loc":{"start":{"line":36,"column":55},"end":{"line":36,"column":95}},"line":36},"8":{"name":"createHorizontalAnchorAdapter","decl":{"start":{"line":41,"column":16},"end":{"line":41,"column":45}},"loc":{"start":{"line":47,"column":17},"end":{"line":87,"column":1}},"line":47},"9":{"name":"(anonymous_9)","decl":{"start":{"line":50,"column":4},"end":{"line":50,"column":5}},"loc":{"start":{"line":50,"column":33},"end":{"line":57,"column":5}},"line":50},"10":{"name":"(anonymous_10)","decl":{"start":{"line":54,"column":32},"end":{"line":54,"column":33}},"loc":{"start":{"line":54,"column":45},"end":{"line":54,"column":68}},"line":54},"11":{"name":"(anonymous_11)","decl":{"start":{"line":58,"column":4},"end":{"line":58,"column":5}},"loc":{"start":{"line":58,"column":40},"end":{"line":61,"column":5}},"line":58},"12":{"name":"(anonymous_12)","decl":{"start":{"line":62,"column":4},"end":{"line":62,"column":5}},"loc":{"start":{"line":62,"column":39},"end":{"line":85,"column":5}},"line":62},"13":{"name":"(anonymous_13)","decl":{"start":{"line":77,"column":32},"end":{"line":77,"column":33}},"loc":{"start":{"line":77,"column":45},"end":{"line":77,"column":68}},"line":77}},"branchMap":{"0":{"loc":{"start":{"line":10,"column":2},"end":{"line":10,"column":20}},"type":"default-arg","locations":[{"start":{"line":10,"column":10},"end":{"line":10,"column":20}}],"line":10},"1":{"loc":{"start":{"line":23,"column":2},"end":{"line":23,"column":25}},"type":"if","locations":[{"start":{"line":23,"column":2},"end":{"line":23,"column":25}},{"start":{},"end":{}}],"line":23},"2":{"loc":{"start":{"line":24,"column":2},"end":{"line":33,"column":3}},"type":"if","locations":[{"start":{"line":24,"column":2},"end":{"line":33,"column":3}},{"start":{},"end":{}}],"line":24},"3":{"loc":{"start":{"line":27,"column":6},"end":{"line":28,"column":118}},"type":"binary-expr","locations":[{"start":{"line":27,"column":6},"end":{"line":27,"column":46}},{"start":{"line":28,"column":7},"end":{"line":28,"column":27}},{"start":{"line":28,"column":32},"end":{"line":28,"column":61}},{"start":{"line":28,"column":65},"end":{"line":28,"column":116}}],"line":27},"4":{"loc":{"start":{"line":30,"column":4},"end":{"line":30,"column":33}},"type":"if","locations":[{"start":{"line":30,"column":4},"end":{"line":30,"column":33}},{"start":{},"end":{}}],"line":30},"5":{"loc":{"start":{"line":32,"column":4},"end":{"line":32,"column":33}},"type":"if","locations":[{"start":{"line":32,"column":4},"end":{"line":32,"column":33}},{"start":{},"end":{}}],"line":32},"6":{"loc":{"start":{"line":34,"column":9},"end":{"line":36,"column":97}},"type":"cond-expr","locations":[{"start":{"line":35,"column":6},"end":{"line":35,"column":8}},{"start":{"line":36,"column":6},"end":{"line":36,"column":97}}],"line":34},"7":{"loc":{"start":{"line":48,"column":26},"end":{"line":48,"column":78}},"type":"binary-expr","locations":[{"start":{"line":48,"column":26},"end":{"line":48,"column":50}},{"start":{"line":48,"column":54},"end":{"line":48,"column":78}}],"line":48},"8":{"loc":{"start":{"line":53,"column":8},"end":{"line":53,"column":47}},"type":"if","locations":[{"start":{"line":53,"column":8},"end":{"line":53,"column":47}},{"start":{},"end":{}}],"line":53},"9":{"loc":{"start":{"line":63,"column":23},"end":{"line":63,"column":70}},"type":"binary-expr","locations":[{"start":{"line":63,"column":23},"end":{"line":63,"column":60}},{"start":{"line":63,"column":64},"end":{"line":63,"column":70}}],"line":63},"10":{"loc":{"start":{"line":67,"column":8},"end":{"line":67,"column":89}},"type":"if","locations":[{"start":{"line":67,"column":8},"end":{"line":67,"column":89}},{"start":{},"end":{}}],"line":67},"11":{"loc":{"start":{"line":67,"column":12},"end":{"line":67,"column":81}},"type":"binary-expr","locations":[{"start":{"line":67,"column":12},"end":{"line":67,"column":37}},{"start":{"line":67,"column":41},"end":{"line":67,"column":81}}],"line":67},"12":{"loc":{"start":{"line":69,"column":8},"end":{"line":76,"column":9}},"type":"if","locations":[{"start":{"line":69,"column":8},"end":{"line":76,"column":9}},{"start":{"line":74,"column":15},"end":{"line":76,"column":9}}],"line":69},"13":{"loc":{"start":{"line":71,"column":10},"end":{"line":73,"column":11}},"type":"if","locations":[{"start":{"line":71,"column":10},"end":{"line":73,"column":11}},{"start":{},"end":{}}],"line":71},"14":{"loc":{"start":{"line":72,"column":49},"end":{"line":72,"column":68}},"type":"binary-expr","locations":[{"start":{"line":72,"column":49},"end":{"line":72,"column":55}},{"start":{"line":72,"column":59},"end":{"line":72,"column":68}}],"line":72},"15":{"loc":{"start":{"line":83,"column":16},"end":{"line":83,"column":35}},"type":"binary-expr","locations":[{"start":{"line":83,"column":16},"end":{"line":83,"column":22}},{"start":{"line":83,"column":26},"end":{"line":83,"column":35}}],"line":83}},"s":{"0":1,"1":50010,"2":0,"3":50010,"4":50010,"5":50010,"6":100021,"7":100021,"8":50010,"9":50010,"10":0,"11":0,"12":0,"13":0,"14":0,"15":0,"16":0,"17":0,"18":2,"19":0,"20":0,"21":0,"22":0,"23":0,"24":0,"25":0,"26":0,"27":0,"28":0,"29":0,"30":0,"31":0,"32":0,"33":0,"34":0,"35":0,"36":0,"37":0,"38":0,"39":0,"40":0,"41":0,"42":0,"43":0,"44":0,"45":0},"f":{"0":1,"1":50010,"2":100021,"3":100021,"4":0,"5":0,"6":0,"7":0,"8":0,"9":0,"10":0,"11":0,"12":0,"13":0},"b":{"0":[0],"1":[0,50010],"2":[50010,0],"3":[100021,50011,50011,50011],"4":[50010,0],"5":[0,0],"6":[0,0],"7":[0,0],"8":[0,0],"9":[0,0],"10":[0,0],"11":[0,0],"12":[0,0],"13":[0,0],"14":[0,0],"15":[0,0]},"_coverageSchema":"1a1c01bbd47fc00a2c39e90264f33305004495a9","hash":"0f1bb68cc0d9eb4dbc50b270f4bba5527c6d2f86"}
,"/Users/alialmahdi/Bic_Reader/architecture/anchor/OriginalAnchorAdapter.ts": {"path":"/Users/alialmahdi/Bic_Reader/architecture/anchor/OriginalAnchorAdapter.ts","statementMap":{"0":{"start":{"line":9,"column":2},"end":{"line":9,"column":57}},"1":{"start":{"line":17,"column":2},"end":{"line":17,"column":27}},"2":{"start":{"line":17,"column":15},"end":{"line":17,"column":27}},"3":{"start":{"line":18,"column":16},"end":{"line":20,"column":94}},"4":{"start":{"line":19,"column":33},"end":{"line":19,"column":70}},"5":{"start":{"line":20,"column":33},"end":{"line":20,"column":93}},"6":{"start":{"line":21,"column":2},"end":{"line":21,"column":52}},"7":{"start":{"line":21,"column":40},"end":{"line":21,"column":52}},"8":{"start":{"line":22,"column":16},"end":{"line":22,"column":55}},"9":{"start":{"line":23,"column":20},"end":{"line":26,"column":4}},"10":{"start":{"line":27,"column":17},"end":{"line":27,"column":46}},"11":{"start":{"line":28,"column":23},"end":{"line":30,"column":24}},"12":{"start":{"line":31,"column":2},"end":{"line":40,"column":4}},"13":{"start":{"line":48,"column":2},"end":{"line":66,"column":4}},"14":{"start":{"line":50,"column":24},"end":{"line":50,"column":34}},"15":{"start":{"line":51,"column":6},"end":{"line":54,"column":7}},"16":{"start":{"line":52,"column":8},"end":{"line":52,"column":41}},"17":{"start":{"line":52,"column":29},"end":{"line":52,"column":41}},"18":{"start":{"line":53,"column":8},"end":{"line":53,"column":70}},"19":{"start":{"line":53,"column":45},"end":{"line":53,"column":68}},"20":{"start":{"line":55,"column":6},"end":{"line":55,"column":19}},"21":{"start":{"line":58,"column":6},"end":{"line":58,"column":77}},"22":{"start":{"line":59,"column":6},"end":{"line":59,"column":43}},"23":{"start":{"line":62,"column":19},"end":{"line":62,"column":38}},"24":{"start":{"line":63,"column":38},"end":{"line":63,"column":69}},"25":{"start":{"line":64,"column":6},"end":{"line":64,"column":74}}},"fnMap":{"0":{"name":"originalDestination","decl":{"start":{"line":8,"column":16},"end":{"line":8,"column":35}},"loc":{"start":{"line":8,"column":102},"end":{"line":10,"column":1}},"line":8},"1":{"name":"originalHighlightTarget","decl":{"start":{"line":12,"column":16},"end":{"line":12,"column":39}},"loc":{"start":{"line":16,"column":2},"end":{"line":41,"column":1}},"line":16},"2":{"name":"(anonymous_2)","decl":{"start":{"line":19,"column":18},"end":{"line":19,"column":19}},"loc":{"start":{"line":19,"column":33},"end":{"line":19,"column":70}},"line":19},"3":{"name":"(anonymous_3)","decl":{"start":{"line":20,"column":18},"end":{"line":20,"column":19}},"loc":{"start":{"line":20,"column":33},"end":{"line":20,"column":93}},"line":20},"4":{"name":"createOriginalAnchorAdapter","decl":{"start":{"line":43,"column":16},"end":{"line":43,"column":43}},"loc":{"start":{"line":47,"column":18},"end":{"line":67,"column":1}},"line":47},"5":{"name":"(anonymous_5)","decl":{"start":{"line":49,"column":4},"end":{"line":49,"column":5}},"loc":{"start":{"line":49,"column":27},"end":{"line":56,"column":5}},"line":49},"6":{"name":"(anonymous_6)","decl":{"start":{"line":53,"column":32},"end":{"line":53,"column":33}},"loc":{"start":{"line":53,"column":45},"end":{"line":53,"column":68}},"line":53},"7":{"name":"(anonymous_7)","decl":{"start":{"line":57,"column":4},"end":{"line":57,"column":5}},"loc":{"start":{"line":57,"column":40},"end":{"line":60,"column":5}},"line":57},"8":{"name":"(anonymous_8)","decl":{"start":{"line":61,"column":4},"end":{"line":61,"column":5}},"loc":{"start":{"line":61,"column":25},"end":{"line":65,"column":5}},"line":61}},"branchMap":{"0":{"loc":{"start":{"line":8,"column":61},"end":{"line":8,"column":79}},"type":"default-arg","locations":[{"start":{"line":8,"column":69},"end":{"line":8,"column":79}}],"line":8},"1":{"loc":{"start":{"line":17,"column":2},"end":{"line":17,"column":27}},"type":"if","locations":[{"start":{"line":17,"column":2},"end":{"line":17,"column":27}},{"start":{},"end":{}}],"line":17},"2":{"loc":{"start":{"line":18,"column":16},"end":{"line":20,"column":94}},"type":"cond-expr","locations":[{"start":{"line":19,"column":6},"end":{"line":19,"column":71}},{"start":{"line":20,"column":6},"end":{"line":20,"column":94}}],"line":18},"3":{"loc":{"start":{"line":20,"column":33},"end":{"line":20,"column":93}},"type":"binary-expr","locations":[{"start":{"line":20,"column":33},"end":{"line":20,"column":68}},{"start":{"line":20,"column":72},"end":{"line":20,"column":93}}],"line":20},"4":{"loc":{"start":{"line":21,"column":2},"end":{"line":21,"column":52}},"type":"if","locations":[{"start":{"line":21,"column":2},"end":{"line":21,"column":52}},{"start":{},"end":{}}],"line":21},"5":{"loc":{"start":{"line":21,"column":6},"end":{"line":21,"column":38}},"type":"binary-expr","locations":[{"start":{"line":21,"column":6},"end":{"line":21,"column":12}},{"start":{"line":21,"column":16},"end":{"line":21,"column":38}}],"line":21},"6":{"loc":{"start":{"line":25,"column":4},"end":{"line":25,"column":95}},"type":"binary-expr","locations":[{"start":{"line":25,"column":4},"end":{"line":25,"column":20}},{"start":{"line":25,"column":24},"end":{"line":25,"column":95}}],"line":25},"7":{"loc":{"start":{"line":25,"column":36},"end":{"line":25,"column":61}},"type":"binary-expr","locations":[{"start":{"line":25,"column":36},"end":{"line":25,"column":56}},{"start":{"line":25,"column":60},"end":{"line":25,"column":61}}],"line":25},"8":{"loc":{"start":{"line":28,"column":23},"end":{"line":30,"column":24}},"type":"cond-expr","locations":[{"start":{"line":29,"column":6},"end":{"line":29,"column":78}},{"start":{"line":30,"column":6},"end":{"line":30,"column":24}}],"line":28},"9":{"loc":{"start":{"line":28,"column":23},"end":{"line":28,"column":52}},"type":"binary-expr","locations":[{"start":{"line":28,"column":23},"end":{"line":28,"column":29}},{"start":{"line":28,"column":33},"end":{"line":28,"column":52}}],"line":28},"10":{"loc":{"start":{"line":33,"column":10},"end":{"line":33,"column":37}},"type":"binary-expr","locations":[{"start":{"line":33,"column":10},"end":{"line":33,"column":31}},{"start":{"line":33,"column":35},"end":{"line":33,"column":37}}],"line":33},"11":{"loc":{"start":{"line":35,"column":17},"end":{"line":35,"column":45}},"type":"binary-expr","locations":[{"start":{"line":35,"column":17},"end":{"line":35,"column":40}},{"start":{"line":35,"column":44},"end":{"line":35,"column":45}}],"line":35},"12":{"loc":{"start":{"line":52,"column":8},"end":{"line":52,"column":41}},"type":"if","locations":[{"start":{"line":52,"column":8},"end":{"line":52,"column":41}},{"start":{},"end":{}}],"line":52}},"s":{"0":50005,"1":0,"2":0,"3":0,"4":0,"5":0,"6":0,"7":0,"8":0,"9":0,"10":0,"11":0,"12":0,"13":0,"14":0,"15":0,"16":0,"17":0,"18":0,"19":0,"20":0,"21":0,"22":0,"23":0,"24":0,"25":0},"f":{"0":50005,"1":0,"2":0,"3":0,"4":0,"5":0,"6":0,"7":0,"8":0},"b":{"0":[0],"1":[0,0],"2":[0,0],"3":[0,0],"4":[0,0],"5":[0,0],"6":[0,0],"7":[0,0],"8":[0,0],"9":[0,0],"10":[0,0],"11":[0,0],"12":[0,0]},"_coverageSchema":"1a1c01bbd47fc00a2c39e90264f33305004495a9","hash":"ca5c6fc31369daaa6a4c5c676f0e9313ceda6b94"}
,"/Users/alialmahdi/Bic_Reader/architecture/anchor/OriginalNavigation.ts": {"path":"/Users/alialmahdi/Bic_Reader/architecture/anchor/OriginalNavigation.ts","statementMap":{"0":{"start":{"line":11,"column":2},"end":{"line":15,"column":4}}},"fnMap":{"0":{"name":"hasExactOriginalDestination","decl":{"start":{"line":7,"column":16},"end":{"line":7,"column":43}},"loc":{"start":{"line":10,"column":2},"end":{"line":16,"column":1}},"line":10}},"branchMap":{"0":{"loc":{"start":{"line":12,"column":4},"end":{"line":14,"column":73}},"type":"binary-expr","locations":[{"start":{"line":12,"column":4},"end":{"line":12,"column":15}},{"start":{"line":13,"column":6},"end":{"line":13,"column":21}},{"start":{"line":14,"column":6},"end":{"line":14,"column":73}}],"line":12}},"s":{"0":3},"f":{"0":3},"b":{"0":[3,3,2]},"_coverageSchema":"1a1c01bbd47fc00a2c39e90264f33305004495a9","hash":"a4ddbdb058a6a08211094254d1bddb515d031346"}
,"/Users/alialmahdi/Bic_Reader/architecture/anchor/TransitionController.ts": {"path":"/Users/alialmahdi/Bic_Reader/architecture/anchor/TransitionController.ts","statementMap":{"0":{"start":{"line":9,"column":29},"end":{"line":9,"column":30}},"1":{"start":{"line":12,"column":26},"end":{"line":12,"column":28}},"2":{"start":{"line":15,"column":19},"end":{"line":15,"column":29}},"3":{"start":{"line":18,"column":23},"end":{"line":18,"column":59}},"4":{"start":{"line":19,"column":4},"end":{"line":19,"column":67}},"5":{"start":{"line":23,"column":20},"end":{"line":23,"column":56}},"6":{"start":{"line":24,"column":4},"end":{"line":24,"column":45}},"7":{"start":{"line":24,"column":38},"end":{"line":24,"column":45}},"8":{"start":{"line":25,"column":4},"end":{"line":25,"column":96}},"9":{"start":{"line":26,"column":4},"end":{"line":31,"column":7}},"10":{"start":{"line":32,"column":4},"end":{"line":32,"column":79}},"11":{"start":{"line":32,"column":17},"end":{"line":32,"column":79}},"12":{"start":{"line":36,"column":4},"end":{"line":36,"column":42}},"13":{"start":{"line":36,"column":29},"end":{"line":36,"column":42}},"14":{"start":{"line":37,"column":20},"end":{"line":37,"column":56}},"15":{"start":{"line":38,"column":4},"end":{"line":38,"column":67}},"16":{"start":{"line":39,"column":4},"end":{"line":44,"column":7}},"17":{"start":{"line":45,"column":4},"end":{"line":45,"column":61}},"18":{"start":{"line":45,"column":17},"end":{"line":45,"column":61}},"19":{"start":{"line":46,"column":4},"end":{"line":46,"column":16}},"20":{"start":{"line":56,"column":22},"end":{"line":56,"column":32}},"21":{"start":{"line":57,"column":4},"end":{"line":57,"column":18}},"22":{"start":{"line":58,"column":15},"end":{"line":58,"column":28}},"23":{"start":{"line":59,"column":4},"end":{"line":59,"column":129}},"24":{"start":{"line":60,"column":4},"end":{"line":164,"column":5}},"25":{"start":{"line":61,"column":21},"end":{"line":61,"column":42}},"26":{"start":{"line":62,"column":6},"end":{"line":62,"column":105}},"27":{"start":{"line":62,"column":42},"end":{"line":62,"column":105}},"28":{"start":{"line":63,"column":6},"end":{"line":63,"column":32}},"29":{"start":{"line":64,"column":6},"end":{"line":64,"column":113}},"30":{"start":{"line":64,"column":63},"end":{"line":64,"column":113}},"31":{"start":{"line":65,"column":6},"end":{"line":65,"column":44}},"32":{"start":{"line":65,"column":31},"end":{"line":65,"column":44}},"33":{"start":{"line":66,"column":6},"end":{"line":66,"column":31}},"34":{"start":{"line":67,"column":6},"end":{"line":67,"column":109}},"35":{"start":{"line":67,"column":61},"end":{"line":67,"column":109}},"36":{"start":{"line":68,"column":6},"end":{"line":68,"column":44}},"37":{"start":{"line":68,"column":31},"end":{"line":68,"column":44}},"38":{"start":{"line":69,"column":6},"end":{"line":141,"column":7}},"39":{"start":{"line":69,"column":25},"end":{"line":69,"column":26}},"40":{"start":{"line":70,"column":8},"end":{"line":70,"column":34}},"41":{"start":{"line":71,"column":25},"end":{"line":71,"column":64}},"42":{"start":{"line":72,"column":8},"end":{"line":72,"column":46}},"43":{"start":{"line":72,"column":33},"end":{"line":72,"column":46}},"44":{"start":{"line":73,"column":8},"end":{"line":73,"column":102}},"45":{"start":{"line":73,"column":49},"end":{"line":73,"column":102}},"46":{"start":{"line":74,"column":8},"end":{"line":74,"column":85}},"47":{"start":{"line":74,"column":45},"end":{"line":74,"column":83}},"48":{"start":{"line":75,"column":8},"end":{"line":75,"column":46}},"49":{"start":{"line":75,"column":33},"end":{"line":75,"column":46}},"50":{"start":{"line":76,"column":8},"end":{"line":76,"column":33}},"51":{"start":{"line":77,"column":25},"end":{"line":77,"column":108}},"52":{"start":{"line":78,"column":8},"end":{"line":78,"column":46}},"53":{"start":{"line":78,"column":33},"end":{"line":78,"column":46}},"54":{"start":{"line":79,"column":8},"end":{"line":125,"column":9}},"55":{"start":{"line":80,"column":29},"end":{"line":80,"column":51}},"56":{"start":{"line":81,"column":32},"end":{"line":84,"column":11}},"57":{"start":{"line":85,"column":10},"end":{"line":85,"column":69}},"58":{"start":{"line":86,"column":10},"end":{"line":86,"column":73}},"59":{"start":{"line":87,"column":10},"end":{"line":87,"column":133}},"60":{"start":{"line":88,"column":10},"end":{"line":96,"column":13}},"61":{"start":{"line":97,"column":10},"end":{"line":105,"column":13}},"62":{"start":{"line":106,"column":10},"end":{"line":114,"column":11}},"63":{"start":{"line":107,"column":12},"end":{"line":113,"column":15}},"64":{"start":{"line":115,"column":10},"end":{"line":123,"column":11}},"65":{"start":{"line":116,"column":12},"end":{"line":122,"column":15}},"66":{"start":{"line":124,"column":10},"end":{"line":124,"column":22}},"67":{"start":{"line":126,"column":8},"end":{"line":132,"column":22}},"68":{"start":{"line":133,"column":8},"end":{"line":140,"column":9}},"69":{"start":{"line":134,"column":10},"end":{"line":139,"column":13}},"70":{"start":{"line":142,"column":6},"end":{"line":142,"column":64}},"71":{"start":{"line":144,"column":6},"end":{"line":144,"column":44}},"72":{"start":{"line":144,"column":31},"end":{"line":144,"column":44}},"73":{"start":{"line":145,"column":22},"end":{"line":145,"column":76}},"74":{"start":{"line":146,"column":6},"end":{"line":146,"column":184}},"75":{"start":{"line":147,"column":6},"end":{"line":154,"column":7}},"76":{"start":{"line":148,"column":8},"end":{"line":153,"column":11}},"77":{"start":{"line":155,"column":6},"end":{"line":161,"column":9}},"78":{"start":{"line":162,"column":6},"end":{"line":162,"column":65}},"79":{"start":{"line":162,"column":19},"end":{"line":162,"column":65}},"80":{"start":{"line":163,"column":6},"end":{"line":163,"column":19}},"81":{"start":{"line":168,"column":36},"end":{"line":168,"column":62}}},"fnMap":{"0":{"name":"(anonymous_0)","decl":{"start":{"line":17,"column":2},"end":{"line":17,"column":3}},"loc":{"start":{"line":17,"column":24},"end":{"line":20,"column":3}},"line":17},"1":{"name":"(anonymous_1)","decl":{"start":{"line":22,"column":2},"end":{"line":22,"column":3}},"loc":{"start":{"line":22,"column":32},"end":{"line":33,"column":3}},"line":22},"2":{"name":"(anonymous_2)","decl":{"start":{"line":35,"column":2},"end":{"line":35,"column":3}},"loc":{"start":{"line":35,"column":52},"end":{"line":47,"column":3}},"line":35},"3":{"name":"(anonymous_3)","decl":{"start":{"line":49,"column":2},"end":{"line":49,"column":3}},"loc":{"start":{"line":55,"column":5},"end":{"line":165,"column":3}},"line":55},"4":{"name":"(anonymous_4)","decl":{"start":{"line":74,"column":32},"end":{"line":74,"column":33}},"loc":{"start":{"line":74,"column":45},"end":{"line":74,"column":83}},"line":74}},"branchMap":{"0":{"loc":{"start":{"line":19,"column":11},"end":{"line":19,"column":66}},"type":"binary-expr","locations":[{"start":{"line":19,"column":11},"end":{"line":19,"column":31}},{"start":{"line":19,"column":35},"end":{"line":19,"column":66}}],"line":19},"1":{"loc":{"start":{"line":22,"column":9},"end":{"line":22,"column":30}},"type":"default-arg","locations":[{"start":{"line":22,"column":18},"end":{"line":22,"column":30}}],"line":22},"2":{"loc":{"start":{"line":24,"column":4},"end":{"line":24,"column":45}},"type":"if","locations":[{"start":{"line":24,"column":4},"end":{"line":24,"column":45}},{"start":{},"end":{}}],"line":24},"3":{"loc":{"start":{"line":32,"column":4},"end":{"line":32,"column":79}},"type":"if","locations":[{"start":{"line":32,"column":4},"end":{"line":32,"column":79}},{"start":{},"end":{}}],"line":32},"4":{"loc":{"start":{"line":36,"column":4},"end":{"line":36,"column":42}},"type":"if","locations":[{"start":{"line":36,"column":4},"end":{"line":36,"column":42}},{"start":{},"end":{}}],"line":36},"5":{"loc":{"start":{"line":45,"column":4},"end":{"line":45,"column":61}},"type":"if","locations":[{"start":{"line":45,"column":4},"end":{"line":45,"column":61}},{"start":{},"end":{}}],"line":45},"6":{"loc":{"start":{"line":62,"column":6},"end":{"line":62,"column":105}},"type":"if","locations":[{"start":{"line":62,"column":6},"end":{"line":62,"column":105}},{"start":{},"end":{}}],"line":62},"7":{"loc":{"start":{"line":62,"column":10},"end":{"line":62,"column":40}},"type":"binary-expr","locations":[{"start":{"line":62,"column":10},"end":{"line":62,"column":29}},{"start":{"line":62,"column":33},"end":{"line":62,"column":40}}],"line":62},"8":{"loc":{"start":{"line":62,"column":58},"end":{"line":62,"column":103}},"type":"cond-expr","locations":[{"start":{"line":62,"column":67},"end":{"line":62,"column":79}},{"start":{"line":62,"column":82},"end":{"line":62,"column":103}}],"line":62},"9":{"loc":{"start":{"line":64,"column":6},"end":{"line":64,"column":113}},"type":"if","locations":[{"start":{"line":64,"column":6},"end":{"line":64,"column":113}},{"start":{},"end":{}}],"line":64},"10":{"loc":{"start":{"line":64,"column":10},"end":{"line":64,"column":61}},"type":"binary-expr","locations":[{"start":{"line":64,"column":10},"end":{"line":64,"column":23}},{"start":{"line":64,"column":27},"end":{"line":64,"column":61}}],"line":64},"11":{"loc":{"start":{"line":65,"column":6},"end":{"line":65,"column":44}},"type":"if","locations":[{"start":{"line":65,"column":6},"end":{"line":65,"column":44}},{"start":{},"end":{}}],"line":65},"12":{"loc":{"start":{"line":67,"column":6},"end":{"line":67,"column":109}},"type":"if","locations":[{"start":{"line":67,"column":6},"end":{"line":67,"column":109}},{"start":{},"end":{}}],"line":67},"13":{"loc":{"start":{"line":68,"column":6},"end":{"line":68,"column":44}},"type":"if","locations":[{"start":{"line":68,"column":6},"end":{"line":68,"column":44}},{"start":{},"end":{}}],"line":68},"14":{"loc":{"start":{"line":72,"column":8},"end":{"line":72,"column":46}},"type":"if","locations":[{"start":{"line":72,"column":8},"end":{"line":72,"column":46}},{"start":{},"end":{}}],"line":72},"15":{"loc":{"start":{"line":73,"column":8},"end":{"line":73,"column":102}},"type":"if","locations":[{"start":{"line":73,"column":8},"end":{"line":73,"column":102}},{"start":{},"end":{}}],"line":73},"16":{"loc":{"start":{"line":73,"column":12},"end":{"line":73,"column":47}},"type":"binary-expr","locations":[{"start":{"line":73,"column":12},"end":{"line":73,"column":24}},{"start":{"line":73,"column":28},"end":{"line":73,"column":47}}],"line":73},"17":{"loc":{"start":{"line":73,"column":65},"end":{"line":73,"column":100}},"type":"binary-expr","locations":[{"start":{"line":73,"column":65},"end":{"line":73,"column":80}},{"start":{"line":73,"column":84},"end":{"line":73,"column":100}}],"line":73},"18":{"loc":{"start":{"line":75,"column":8},"end":{"line":75,"column":46}},"type":"if","locations":[{"start":{"line":75,"column":8},"end":{"line":75,"column":46}},{"start":{},"end":{}}],"line":75},"19":{"loc":{"start":{"line":77,"column":25},"end":{"line":77,"column":108}},"type":"cond-expr","locations":[{"start":{"line":77,"column":48},"end":{"line":77,"column":86}},{"start":{"line":77,"column":89},"end":{"line":77,"column":108}}],"line":77},"20":{"loc":{"start":{"line":78,"column":8},"end":{"line":78,"column":46}},"type":"if","locations":[{"start":{"line":78,"column":8},"end":{"line":78,"column":46}},{"start":{},"end":{}}],"line":78},"21":{"loc":{"start":{"line":79,"column":8},"end":{"line":125,"column":9}},"type":"if","locations":[{"start":{"line":79,"column":8},"end":{"line":125,"column":9}},{"start":{},"end":{}}],"line":79},"22":{"loc":{"start":{"line":82,"column":12},"end":{"line":82,"column":63}},"type":"cond-expr","locations":[{"start":{"line":82,"column":37},"end":{"line":82,"column":54}},{"start":{"line":82,"column":57},"end":{"line":82,"column":63}}],"line":82},"23":{"loc":{"start":{"line":83,"column":12},"end":{"line":83,"column":62}},"type":"cond-expr","locations":[{"start":{"line":83,"column":35},"end":{"line":83,"column":50}},{"start":{"line":83,"column":53},"end":{"line":83,"column":62}}],"line":83},"24":{"loc":{"start":{"line":106,"column":10},"end":{"line":114,"column":11}},"type":"if","locations":[{"start":{"line":106,"column":10},"end":{"line":114,"column":11}},{"start":{},"end":{}}],"line":106},"25":{"loc":{"start":{"line":115,"column":10},"end":{"line":123,"column":11}},"type":"if","locations":[{"start":{"line":115,"column":10},"end":{"line":123,"column":11}},{"start":{},"end":{}}],"line":115},"26":{"loc":{"start":{"line":133,"column":8},"end":{"line":140,"column":9}},"type":"if","locations":[{"start":{"line":133,"column":8},"end":{"line":140,"column":9}},{"start":{},"end":{}}],"line":133},"27":{"loc":{"start":{"line":137,"column":20},"end":{"line":137,"column":70}},"type":"cond-expr","locations":[{"start":{"line":137,"column":43},"end":{"line":137,"column":58}},{"start":{"line":137,"column":61},"end":{"line":137,"column":70}}],"line":137},"28":{"loc":{"start":{"line":144,"column":6},"end":{"line":144,"column":44}},"type":"if","locations":[{"start":{"line":144,"column":6},"end":{"line":144,"column":44}},{"start":{},"end":{}}],"line":144},"29":{"loc":{"start":{"line":145,"column":22},"end":{"line":145,"column":76}},"type":"cond-expr","locations":[{"start":{"line":145,"column":47},"end":{"line":145,"column":60}},{"start":{"line":145,"column":63},"end":{"line":145,"column":76}}],"line":145},"30":{"loc":{"start":{"line":146,"column":75},"end":{"line":146,"column":124}},"type":"cond-expr","locations":[{"start":{"line":146,"column":102},"end":{"line":146,"column":113}},{"start":{"line":146,"column":116},"end":{"line":146,"column":124}}],"line":146},"31":{"loc":{"start":{"line":147,"column":6},"end":{"line":154,"column":7}},"type":"if","locations":[{"start":{"line":147,"column":6},"end":{"line":154,"column":7}},{"start":{},"end":{}}],"line":147},"32":{"loc":{"start":{"line":160,"column":16},"end":{"line":160,"column":65}},"type":"cond-expr","locations":[{"start":{"line":160,"column":43},"end":{"line":160,"column":54}},{"start":{"line":160,"column":57},"end":{"line":160,"column":65}}],"line":160},"33":{"loc":{"start":{"line":162,"column":6},"end":{"line":162,"column":65}},"type":"if","locations":[{"start":{"line":162,"column":6},"end":{"line":162,"column":65}},{"start":{},"end":{}}],"line":162}},"s":{"0":1,"1":1,"2":5,"3":53,"4":53,"5":5,"6":5,"7":4,"8":1,"9":1,"10":1,"11":1,"12":20,"13":0,"14":20,"15":20,"16":20,"17":20,"18":20,"19":20,"20":5,"21":5,"22":5,"23":5,"24":5,"25":5,"26":5,"27":1,"28":4,"29":4,"30":0,"31":4,"32":0,"33":4,"34":4,"35":0,"36":4,"37":0,"38":4,"39":4,"40":6,"41":6,"42":6,"43":0,"44":6,"45":0,"46":6,"47":6,"48":6,"49":0,"50":6,"51":6,"52":6,"53":0,"54":6,"55":3,"56":3,"57":3,"58":3,"59":3,"60":3,"61":3,"62":3,"63":0,"64":3,"65":0,"66":3,"67":3,"68":3,"69":3,"70":1,"71":2,"72":1,"73":1,"74":1,"75":1,"76":1,"77":1,"78":1,"79":1,"80":1,"81":1},"f":{"0":53,"1":5,"2":20,"3":5,"4":6},"b":{"0":[53,51],"1":[5],"2":[4,1],"3":[1,0],"4":[0,20],"5":[20,0],"6":[1,4],"7":[5,4],"8":[1,0],"9":[0,4],"10":[4,0],"11":[0,4],"12":[0,4],"13":[0,4],"14":[0,6],"15":[0,6],"16":[6,0],"17":[0,0],"18":[0,6],"19":[6,0],"20":[0,6],"21":[3,3],"22":[3,0],"23":[3,0],"24":[0,3],"25":[0,3],"26":[3,0],"27":[3,0],"28":[1,1],"29":[1,0],"30":[0,1],"31":[1,0],"32":[0,1],"33":[1,0]},"_coverageSchema":"1a1c01bbd47fc00a2c39e90264f33305004495a9","hash":"02b20d2fb3e9d5ca471482d14e20c82b91c8684d"}
,"/Users/alialmahdi/Bic_Reader/architecture/anchor/TranslationAnchorMapper.ts": {"path":"/Users/alialmahdi/Bic_Reader/architecture/anchor/TranslationAnchorMapper.ts","statementMap":{"0":{"start":{"line":3,"column":33},"end":{"line":4,"column":47}},"1":{"start":{"line":4,"column":2},"end":{"line":4,"column":47}},"2":{"start":{"line":6,"column":29},"end":{"line":9,"column":1}},"3":{"start":{"line":7,"column":17},"end":{"line":7,"column":46}},"4":{"start":{"line":8,"column":2},"end":{"line":8,"column":77}},"5":{"start":{"line":12,"column":2},"end":{"line":12,"column":146}},"6":{"start":{"line":16,"column":2},"end":{"line":23,"column":4}},"7":{"start":{"line":27,"column":2},"end":{"line":27,"column":31}},"8":{"start":{"line":27,"column":22},"end":{"line":27,"column":31}},"9":{"start":{"line":28,"column":2},"end":{"line":28,"column":79}}},"fnMap":{"0":{"name":"(anonymous_0)","decl":{"start":{"line":3,"column":33},"end":{"line":3,"column":34}},"loc":{"start":{"line":4,"column":2},"end":{"line":4,"column":47}},"line":4},"1":{"name":"(anonymous_1)","decl":{"start":{"line":6,"column":29},"end":{"line":6,"column":30}},"loc":{"start":{"line":6,"column":72},"end":{"line":9,"column":1}},"line":6},"2":{"name":"toTranslationAnchor","decl":{"start":{"line":11,"column":16},"end":{"line":11,"column":35}},"loc":{"start":{"line":11,"column":102},"end":{"line":13,"column":1}},"line":11},"3":{"name":"toSourceAnchor","decl":{"start":{"line":15,"column":16},"end":{"line":15,"column":30}},"loc":{"start":{"line":15,"column":107},"end":{"line":24,"column":1}},"line":15},"4":{"name":"proportionalWordIndex","decl":{"start":{"line":26,"column":16},"end":{"line":26,"column":37}},"loc":{"start":{"line":26,"column":87},"end":{"line":29,"column":1}},"line":26}},"branchMap":{"0":{"loc":{"start":{"line":8,"column":9},"end":{"line":8,"column":76}},"type":"cond-expr","locations":[{"start":{"line":8,"column":38},"end":{"line":8,"column":66}},{"start":{"line":8,"column":69},"end":{"line":8,"column":76}}],"line":8},"1":{"loc":{"start":{"line":12,"column":55},"end":{"line":12,"column":143}},"type":"cond-expr","locations":[{"start":{"line":12,"column":78},"end":{"line":12,"column":131}},{"start":{"line":12,"column":134},"end":{"line":12,"column":143}}],"line":12},"2":{"loc":{"start":{"line":19,"column":19},"end":{"line":19,"column":144}},"type":"binary-expr","locations":[{"start":{"line":19,"column":19},"end":{"line":19,"column":39}},{"start":{"line":19,"column":44},"end":{"line":19,"column":143}}],"line":19},"3":{"loc":{"start":{"line":19,"column":44},"end":{"line":19,"column":143}},"type":"cond-expr","locations":[{"start":{"line":19,"column":71},"end":{"line":19,"column":131}},{"start":{"line":19,"column":134},"end":{"line":19,"column":143}}],"line":19},"4":{"loc":{"start":{"line":27,"column":2},"end":{"line":27,"column":31}},"type":"if","locations":[{"start":{"line":27,"column":2},"end":{"line":27,"column":31}},{"start":{},"end":{}}],"line":27},"5":{"loc":{"start":{"line":28,"column":44},"end":{"line":28,"column":57}},"type":"binary-expr","locations":[{"start":{"line":28,"column":44},"end":{"line":28,"column":52}},{"start":{"line":28,"column":56},"end":{"line":28,"column":57}}],"line":28}},"s":{"0":2,"1":50006,"2":2,"3":3,"4":3,"5":50005,"6":1,"7":4,"8":1,"9":3},"f":{"0":50006,"1":3,"2":50005,"3":1,"4":4},"b":{"0":[2,1],"1":[50005,0],"2":[1,0],"3":[0,0],"4":[1,3],"5":[3,0]},"_coverageSchema":"1a1c01bbd47fc00a2c39e90264f33305004495a9","hash":"e4110fae942ae92725a2eb8ba16e4d949b3919b9"}
,"/Users/alialmahdi/Bic_Reader/architecture/anchor/VerticalAnchorAdapter.ts": {"path":"/Users/alialmahdi/Bic_Reader/architecture/anchor/VerticalAnchorAdapter.ts","statementMap":{"0":{"start":{"line":13,"column":2},"end":{"line":21,"column":4}},"1":{"start":{"line":25,"column":2},"end":{"line":25,"column":68}},"2":{"start":{"line":36,"column":2},"end":{"line":42,"column":4}},"3":{"start":{"line":49,"column":2},"end":{"line":49,"column":73}},"4":{"start":{"line":49,"column":60},"end":{"line":49,"column":73}},"5":{"start":{"line":50,"column":2},"end":{"line":73,"column":3}},"6":{"start":{"line":51,"column":4},"end":{"line":51,"column":44}},"7":{"start":{"line":51,"column":31},"end":{"line":51,"column":44}},"8":{"start":{"line":52,"column":4},"end":{"line":63,"column":5}},"9":{"start":{"line":59,"column":6},"end":{"line":62,"column":8}},"10":{"start":{"line":64,"column":4},"end":{"line":71,"column":5}},"11":{"start":{"line":70,"column":6},"end":{"line":70,"column":82}},"12":{"start":{"line":72,"column":4},"end":{"line":72,"column":16}},"13":{"start":{"line":74,"column":2},"end":{"line":74,"column":51}},"14":{"start":{"line":86,"column":33},"end":{"line":86,"column":37}},"15":{"start":{"line":95,"column":26},"end":{"line":95,"column":78}},"16":{"start":{"line":96,"column":2},"end":{"line":133,"column":4}},"17":{"start":{"line":98,"column":24},"end":{"line":98,"column":34}},"18":{"start":{"line":99,"column":6},"end":{"line":102,"column":7}},"19":{"start":{"line":100,"column":8},"end":{"line":100,"column":47}},"20":{"start":{"line":100,"column":35},"end":{"line":100,"column":47}},"21":{"start":{"line":101,"column":8},"end":{"line":101,"column":70}},"22":{"start":{"line":101,"column":45},"end":{"line":101,"column":68}},"23":{"start":{"line":103,"column":6},"end":{"line":103,"column":19}},"24":{"start":{"line":106,"column":6},"end":{"line":106,"column":42}},"25":{"start":{"line":107,"column":6},"end":{"line":107,"column":43}},"26":{"start":{"line":110,"column":23},"end":{"line":110,"column":70}},"27":{"start":{"line":111,"column":24},"end":{"line":111,"column":34}},"28":{"start":{"line":112,"column":26},"end":{"line":112,"column":27}},"29":{"start":{"line":113,"column":6},"end":{"line":129,"column":7}},"30":{"start":{"line":114,"column":8},"end":{"line":118,"column":16}},"31":{"start":{"line":118,"column":10},"end":{"line":118,"column":16}},"32":{"start":{"line":119,"column":23},"end":{"line":119,"column":37}},"33":{"start":{"line":120,"column":8},"end":{"line":127,"column":9}},"34":{"start":{"line":121,"column":10},"end":{"line":121,"column":29}},"35":{"start":{"line":122,"column":10},"end":{"line":124,"column":11}},"36":{"start":{"line":123,"column":12},"end":{"line":123,"column":71}},"37":{"start":{"line":126,"column":10},"end":{"line":126,"column":28}},"38":{"start":{"line":128,"column":8},"end":{"line":128,"column":70}},"39":{"start":{"line":128,"column":45},"end":{"line":128,"column":68}},"40":{"start":{"line":130,"column":21},"end":{"line":130,"column":35}},"41":{"start":{"line":131,"column":6},"end":{"line":131,"column":66}}},"fnMap":{"0":{"name":"verticalDestination","decl":{"start":{"line":9,"column":16},"end":{"line":9,"column":35}},"loc":{"start":{"line":12,"column":21},"end":{"line":22,"column":1}},"line":12},"1":{"name":"verticalRestoreMessage","decl":{"start":{"line":24,"column":16},"end":{"line":24,"column":38}},"loc":{"start":{"line":24,"column":71},"end":{"line":26,"column":1}},"line":24},"2":{"name":"anchorFromVisibleWord","decl":{"start":{"line":28,"column":16},"end":{"line":28,"column":37}},"loc":{"start":{"line":35,"column":52},"end":{"line":43,"column":1}},"line":35},"3":{"name":"anchorsMatch","decl":{"start":{"line":45,"column":9},"end":{"line":45,"column":21}},"loc":{"start":{"line":48,"column":2},"end":{"line":75,"column":1}},"line":48},"4":{"name":"createVerticalAnchorAdapter","decl":{"start":{"line":88,"column":16},"end":{"line":88,"column":43}},"loc":{"start":{"line":94,"column":17},"end":{"line":134,"column":1}},"line":94},"5":{"name":"(anonymous_5)","decl":{"start":{"line":97,"column":4},"end":{"line":97,"column":5}},"loc":{"start":{"line":97,"column":33},"end":{"line":104,"column":5}},"line":97},"6":{"name":"(anonymous_6)","decl":{"start":{"line":101,"column":32},"end":{"line":101,"column":33}},"loc":{"start":{"line":101,"column":45},"end":{"line":101,"column":68}},"line":101},"7":{"name":"(anonymous_7)","decl":{"start":{"line":105,"column":4},"end":{"line":105,"column":5}},"loc":{"start":{"line":105,"column":40},"end":{"line":108,"column":5}},"line":105},"8":{"name":"(anonymous_8)","decl":{"start":{"line":109,"column":4},"end":{"line":109,"column":5}},"loc":{"start":{"line":109,"column":74},"end":{"line":132,"column":5}},"line":109},"9":{"name":"(anonymous_9)","decl":{"start":{"line":128,"column":32},"end":{"line":128,"column":33}},"loc":{"start":{"line":128,"column":45},"end":{"line":128,"column":68}},"line":128}},"branchMap":{"0":{"loc":{"start":{"line":11,"column":2},"end":{"line":11,"column":20}},"type":"default-arg","locations":[{"start":{"line":11,"column":10},"end":{"line":11,"column":20}}],"line":11},"1":{"loc":{"start":{"line":39,"column":6},"end":{"line":41,"column":11}},"type":"cond-expr","locations":[{"start":{"line":40,"column":10},"end":{"line":40,"column":49}},{"start":{"line":41,"column":10},"end":{"line":41,"column":11}}],"line":39},"2":{"loc":{"start":{"line":39,"column":6},"end":{"line":39,"column":44}},"type":"binary-expr","locations":[{"start":{"line":39,"column":6},"end":{"line":39,"column":21}},{"start":{"line":39,"column":25},"end":{"line":39,"column":44}}],"line":39},"3":{"loc":{"start":{"line":49,"column":2},"end":{"line":49,"column":73}},"type":"if","locations":[{"start":{"line":49,"column":2},"end":{"line":49,"column":73}},{"start":{},"end":{}}],"line":49},"4":{"loc":{"start":{"line":49,"column":6},"end":{"line":49,"column":58}},"type":"binary-expr","locations":[{"start":{"line":49,"column":6},"end":{"line":49,"column":13}},{"start":{"line":49,"column":17},"end":{"line":49,"column":58}}],"line":49},"5":{"loc":{"start":{"line":50,"column":2},"end":{"line":73,"column":3}},"type":"if","locations":[{"start":{"line":50,"column":2},"end":{"line":73,"column":3}},{"start":{},"end":{}}],"line":50},"6":{"loc":{"start":{"line":51,"column":4},"end":{"line":51,"column":44}},"type":"if","locations":[{"start":{"line":51,"column":4},"end":{"line":51,"column":44}},{"start":{},"end":{}}],"line":51},"7":{"loc":{"start":{"line":52,"column":4},"end":{"line":63,"column":5}},"type":"if","locations":[{"start":{"line":52,"column":4},"end":{"line":63,"column":5}},{"start":{},"end":{}}],"line":52},"8":{"loc":{"start":{"line":60,"column":8},"end":{"line":61,"column":45}},"type":"binary-expr","locations":[{"start":{"line":60,"column":8},"end":{"line":60,"column":49}},{"start":{"line":61,"column":8},"end":{"line":61,"column":45}}],"line":60},"9":{"loc":{"start":{"line":61,"column":9},"end":{"line":61,"column":36}},"type":"binary-expr","locations":[{"start":{"line":61,"column":9},"end":{"line":61,"column":31}},{"start":{"line":61,"column":35},"end":{"line":61,"column":36}}],"line":61},"10":{"loc":{"start":{"line":64,"column":4},"end":{"line":71,"column":5}},"type":"if","locations":[{"start":{"line":64,"column":4},"end":{"line":71,"column":5}},{"start":{},"end":{}}],"line":64},"11":{"loc":{"start":{"line":65,"column":6},"end":{"line":66,"column":40}},"type":"binary-expr","locations":[{"start":{"line":65,"column":6},"end":{"line":65,"column":42}},{"start":{"line":66,"column":6},"end":{"line":66,"column":40}}],"line":65},"12":{"loc":{"start":{"line":95,"column":26},"end":{"line":95,"column":78}},"type":"binary-expr","locations":[{"start":{"line":95,"column":26},"end":{"line":95,"column":50}},{"start":{"line":95,"column":54},"end":{"line":95,"column":78}}],"line":95},"13":{"loc":{"start":{"line":100,"column":8},"end":{"line":100,"column":47}},"type":"if","locations":[{"start":{"line":100,"column":8},"end":{"line":100,"column":47}},{"start":{},"end":{}}],"line":100},"14":{"loc":{"start":{"line":110,"column":23},"end":{"line":110,"column":70}},"type":"binary-expr","locations":[{"start":{"line":110,"column":23},"end":{"line":110,"column":60}},{"start":{"line":110,"column":64},"end":{"line":110,"column":70}}],"line":110},"15":{"loc":{"start":{"line":114,"column":8},"end":{"line":118,"column":16}},"type":"if","locations":[{"start":{"line":114,"column":8},"end":{"line":118,"column":16}},{"start":{},"end":{}}],"line":114},"16":{"loc":{"start":{"line":115,"column":10},"end":{"line":116,"column":50}},"type":"binary-expr","locations":[{"start":{"line":115,"column":10},"end":{"line":115,"column":35}},{"start":{"line":116,"column":10},"end":{"line":116,"column":50}}],"line":115},"17":{"loc":{"start":{"line":120,"column":8},"end":{"line":127,"column":9}},"type":"if","locations":[{"start":{"line":120,"column":8},"end":{"line":127,"column":9}},{"start":{"line":125,"column":15},"end":{"line":127,"column":9}}],"line":120},"18":{"loc":{"start":{"line":122,"column":10},"end":{"line":124,"column":11}},"type":"if","locations":[{"start":{"line":122,"column":10},"end":{"line":124,"column":11}},{"start":{},"end":{}}],"line":122},"19":{"loc":{"start":{"line":123,"column":49},"end":{"line":123,"column":68}},"type":"binary-expr","locations":[{"start":{"line":123,"column":49},"end":{"line":123,"column":55}},{"start":{"line":123,"column":59},"end":{"line":123,"column":68}}],"line":123},"20":{"loc":{"start":{"line":131,"column":44},"end":{"line":131,"column":63}},"type":"binary-expr","locations":[{"start":{"line":131,"column":44},"end":{"line":131,"column":50}},{"start":{"line":131,"column":54},"end":{"line":131,"column":63}}],"line":131}},"s":{"0":50009,"1":1,"2":1,"3":4,"4":0,"5":4,"6":4,"7":0,"8":4,"9":2,"10":2,"11":2,"12":0,"13":0,"14":2,"15":0,"16":0,"17":0,"18":0,"19":0,"20":0,"21":0,"22":0,"23":0,"24":0,"25":0,"26":0,"27":0,"28":0,"29":0,"30":0,"31":0,"32":0,"33":0,"34":0,"35":0,"36":0,"37":0,"38":0,"39":0,"40":0,"41":0},"f":{"0":50009,"1":1,"2":1,"3":4,"4":0,"5":0,"6":0,"7":0,"8":0,"9":0},"b":{"0":[0],"1":[1,0],"2":[1,1],"3":[0,4],"4":[4,4],"5":[4,0],"6":[0,4],"7":[2,2],"8":[2,2],"9":[2,0],"10":[2,0],"11":[2,2],"12":[0,0],"13":[0,0],"14":[0,0],"15":[0,0],"16":[0,0],"17":[0,0],"18":[0,0],"19":[0,0],"20":[0,0]},"_coverageSchema":"1a1c01bbd47fc00a2c39e90264f33305004495a9","hash":"f115d5ecde53fdfbbaf83e766c42244544cb579a"}
[...]
"column":4},"end":{"line":52,"column":35}},"12":{"start":{"line":53,"column":4},"end":{"line":53,"column":37}},"13":{"start":{"line":55,"column":2},"end":{"line":55,"column":61}},"14":{"start":{"line":59,"column":2},"end":{"line":60,"column":56}},"15":{"start":{"line":64,"column":17},"end":{"line":64,"column":59}},"16":{"start":{"line":66,"column":2},"end":{"line":66,"column":17}},"17":{"start":{"line":70,"column":2},"end":{"line":72,"column":3}},"18":{"start":{"line":71,"column":4},"end":{"line":71,"column":77}},"19":{"start":{"line":73,"column":2},"end":{"line":73,"column":27}},"20":{"start":{"line":81,"column":24},"end":{"line":81,"column":46}},"21":{"start":{"line":82,"column":2},"end":{"line":87,"column":4}},"22":{"start":{"line":96,"column":2},"end":{"line":102,"column":3}},"23":{"start":{"line":97,"column":4},"end":{"line":101,"column":7}},"24":{"start":{"line":104,"column":20},"end":{"line":104,"column":70}},"25":{"start":{"line":105,"column":23},"end":{"line":110,"column":3}},"26":{"start":{"line":108,"column":6},"end":{"line":108,"column":65}},"27":{"start":{"line":108,"column":44},"end":{"line":108,"column":65}},"28":{"start":{"line":111,"column":2},"end":{"line":120,"column":3}},"29":{"start":{"line":112,"column":4},"end":{"line":117,"column":7}},"30":{"start":{"line":119,"column":4},"end":{"line":119,"column":26}},"31":{"start":{"line":128,"column":17},"end":{"line":132,"column":4}},"32":{"start":{"line":133,"column":2},"end":{"line":135,"column":9}},"33":{"start":{"line":145,"column":2},"end":{"line":145,"column":66}},"34":{"start":{"line":145,"column":25},"end":{"line":145,"column":66}},"35":{"start":{"line":147,"column":41},"end":{"line":147,"column":43}},"36":{"start":{"line":148,"column":35},"end":{"line":148,"column":37}},"37":{"start":{"line":149,"column":19},"end":{"line":149,"column":20}},"38":{"start":{"line":151,"column":2},"end":{"line":170,"column":3}},"39":{"start":{"line":152,"column":22},"end":{"line":154,"column":23}},"40":{"start":{"line":155,"column":27},"end":{"line":157,"column":28}},"41":{"start":{"line":159,"column":6},"end":{"line":160,"column":75}},"42":{"start":{"line":162,"column":4},"end":{"line":166,"column":5}},"43":{"start":{"line":163,"column":6},"end":{"line":163,"column":26}},"44":{"start":{"line":164,"column":6},"end":{"line":164,"column":17}},"45":{"start":{"line":165,"column":6},"end":{"line":165,"column":21}},"46":{"start":{"line":168,"column":4},"end":{"line":168,"column":22}},"47":{"start":{"line":169,"column":4},"end":{"line":169,"column":36}},"48":{"start":{"line":172,"column":2},"end":{"line":172,"column":44}},"49":{"start":{"line":172,"column":24},"end":{"line":172,"column":44}},"50":{"start":{"line":173,"column":2},"end":{"line":173,"column":17}},"51":{"start":{"line":183,"column":2},"end":{"line":187,"column":5}},"52":{"start":{"line":188,"column":2},"end":{"line":192,"column":3}},"53":{"start":{"line":189,"column":4},"end":{"line":191,"column":6}},"54":{"start":{"line":194,"column":48},"end":{"line":194,"column":50}},"55":{"start":{"line":195,"column":31},"end":{"line":195,"column":45}},"56":{"start":{"line":196,"column":18},"end":{"line":196,"column":39}},"57":{"start":{"line":198,"column":2},"end":{"line":283,"column":3}},"58":{"start":{"line":199,"column":4},"end":{"line":274,"column":5}},"59":{"start":{"line":199,"column":26},"end":{"line":199,"column":27}},"60":{"start":{"line":200,"column":18},"end":{"line":200,"column":37}},"61":{"start":{"line":201,"column":28},"end":{"line":201,"column":64}},"62":{"start":{"line":202,"column":69},"end":{"line":202,"column":73}},"63":{"start":{"line":203,"column":28},"end":{"line":203,"column":29}},"64":{"start":{"line":204,"column":31},"end":{"line":204,"column":36}},"65":{"start":{"line":205,"column":26},"end":{"line":217,"column":5}},"66":{"start":{"line":206,"column":6},"end":{"line":206,"column":34}},"67":{"start":{"line":207,"column":47},"end":{"line":207,"column":49}},"68":{"start":{"line":208,"column":6},"end":{"line":212,"column":7}},"69":{"start":{"line":209,"column":8},"end":{"line":209,"column":66}},"70":{"start":{"line":210,"column":8},"end":{"line":210,"column":50}},"71":{"start":{"line":211,"column":8},"end":{"line":211,"column":31}},"72":{"start":{"line":213,"column":6},"end":{"line":216,"column":7}},"73":{"start":{"line":214,"column":8},"end":{"line":214,"column":36}},"74":{"start":{"line":215,"column":8},"end":{"line":215,"column":31}},"75":{"start":{"line":218,"column":19},"end":{"line":249,"column":5}},"76":{"start":{"line":219,"column":27},"end":{"line":219,"column":37}},"77":{"start":{"line":223,"column":8},"end":{"line":223,"column":73}},"78":{"start":{"line":223,"column":66},"end":{"line":223,"column":73}},"79":{"start":{"line":224,"column":8},"end":{"line":227,"column":9}},"80":{"start":{"line":225,"column":10},"end":{"line":225,"column":59}},"81":{"start":{"line":226,"column":10},"end":{"line":226,"column":61}},"82":{"start":{"line":228,"column":8},"end":{"line":233,"column":11}},"83":{"start":{"line":240,"column":8},"end":{"line":247,"column":9}},"84":{"start":{"line":241,"column":10},"end":{"line":241,"column":26}},"85":{"start":{"line":242,"column":15},"end":{"line":247,"column":9}},"86":{"start":{"line":243,"column":10},"end":{"line":246,"column":12}},"87":{"start":{"line":250,"column":4},"end":{"line":250,"column":65}},"88":{"start":{"line":250,"column":30},"end":{"line":250,"column":65}},"89":{"start":{"line":251,"column":4},"end":{"line":251,"column":20}},"90":{"start":{"line":252,"column":28},"end":{"line":255,"column":5}},"91":{"start":{"line":257,"column":4},"end":{"line":260,"column":5}},"92":{"start":{"line":258,"column":6},"end":{"line":258,"column":53}},"93":{"start":{"line":259,"column":6},"end":{"line":259,"column":57}},"94":{"start":{"line":261,"column":4},"end":{"line":263,"column":5}},"95":{"start":{"line":262,"column":6},"end":{"line":262,"column":76}},"96":{"start":{"line":265,"column":28},"end":{"line":269,"column":5}},"97":{"start":{"line":268,"column":6},"end":{"line":268,"column":74}},"98":{"start":{"line":270,"column":4},"end":{"line":270,"column":46}},"99":{"start":{"line":273,"column":4},"end":{"line":273,"column":31}},"100":{"start":{"line":276,"column":4},"end":{"line":281,"column":5}},"101":{"start":{"line":277,"column":6},"end":{"line":280,"column":9}},"102":{"start":{"line":282,"column":4},"end":{"line":282,"column":16}},"103":{"start":{"line":285,"column":2},"end":{"line":288,"column":5}},"104":{"start":{"line":290,"column":2},"end":{"line":290,"column":26}}},"fnMap":{"0":{"name":"translationSourceHash","decl":{"start":{"line":49,"column":16},"end":{"line":49,"column":37}},"loc":{"start":{"line":49,"column":52},"end":{"line":56,"column":1}},"line":49},"1":{"name":"isBookTranslationCancellation","decl":{"start":{"line":58,"column":16},"end":{"line":58,"column":45}},"loc":{"start":{"line":58,"column":62},"end":{"line":61,"column":1}},"line":58},"2":{"name":"cancelActiveBookTranslation","decl":{"start":{"line":63,"column":22},"end":{"line":63,"column":49}},"loc":{"start":{"line":65,"column":2},"end":{"line":67,"column":1}},"line":65},"3":{"name":"(anonymous_3)","decl":{"start":{"line":64,"column":11},"end":{"line":64,"column":12}},"loc":{"start":{"line":64,"column":17},"end":{"line":64,"column":59}},"line":64},"4":{"name":"validateCompletedTranslations","decl":{"start":{"line":69,"column":16},"end":{"line":69,"column":45}},"loc":{"start":{"line":69,"column":85},"end":{"line":74,"column":1}},"line":69},"5":{"name":"createTranslatedBlock","decl":{"start":{"line":76,"column":16},"end":{"line":76,"column":37}},"loc":{"start":{"line":80,"column":2},"end":{"line":88,"column":1}},"line":80},"6":{"name":"translateBatch","decl":{"start":{"line":90,"column":15},"end":{"line":90,"column":29}},"loc":{"start":{"line":95,"column":2},"end":{"line":121,"column":1}},"line":95},"7":{"name":"(anonymous_7)","decl":{"start":{"line":107,"column":4},"end":{"line":107,"column":5}},"loc":{"start":{"line":107,"column":18},"end":{"line":109,"column":5}},"line":107},"8":{"name":"translateAnchorText","decl":{"start":{"line":123,"column":22},"end":{"line":123,"column":41}},"loc":{"start":{"line":127,"column":2},"end":{"line":136,"column":1}},"line":127},"9":{"name":"createBatches","decl":{"start":{"line":138,"column":9},"end":{"line":138,"column":22}},"loc":{"start":{"line":138,"column":52},"end":{"line":174,"column":1}},"line":138},"10":{"name":"translatePdfBlocks","decl":{"start":{"line":176,"column":22},"end":{"line":176,"column":40}},"loc":{"start":{"line":182,"column":2},"end":{"line":291,"column":1}},"line":182},"11":{"name":"(anonymous_11)","decl":{"start":{"line":205,"column":26},"end":{"line":205,"column":27}},"loc":{"start":{"line":205,"column":32},"end":{"line":217,"column":5}},"line":205},"12":{"name":"(anonymous_12)","decl":{"start":{"line":219,"column":16},"end":{"line":219,"column":17}},"loc":{"start":{"line":219,"column":27},"end":{"line":219,"column":37}},"line":219},"13":{"name":"(anonymous_13)","decl":{"start":{"line":222,"column":6},"end":{"line":222,"column":7}},"loc":{"start":{"line":222,"column":20},"end":{"line":248,"column":7}},"line":222},"14":{"name":"(anonymous_14)","decl":{"start":{"line":265,"column":38},"end":{"line":265,"column":39}},"loc":{"start":{"line":268,"column":6},"end":{"line":268,"column":74}},"line":268}},"branchMap":{"0":{"loc":{"start":{"line":44,"column":26},"end":{"line":46,"column":8}},"type":"cond-expr","locations":[{"start":{"line":45,"column":4},"end":{"line":45,"column":69}},{"start":{"line":46,"column":4},"end":{"line":46,"column":8}}],"line":44},"1":{"loc":{"start":{"line":59,"column":9},"end":{"line":60,"column":55}},"type":"binary-expr","locations":[{"start":{"line":59,"column":9},"end":{"line":59,"column":31}},{"start":{"line":60,"column":4},"end":{"line":60,"column":55}}],"line":59},"2":{"loc":{"start":{"line":64,"column":2},"end":{"line":64,"column":59}},"type":"default-arg","locations":[{"start":{"line":64,"column":11},"end":{"line":64,"column":59}}],"line":64},"3":{"loc":{"start":{"line":70,"column":2},"end":{"line":72,"column":3}},"type":"if","locations":[{"start":{"line":70,"column":2},"end":{"line":72,"column":3}},{"start":{},"end":{}}],"line":70},"4":{"loc":{"start":{"line":70,"column":6},"end":{"line":70,"column":61}},"type":"binary-expr","locations":[{"start":{"line":70,"column":6},"end":{"line":70,"column":27}},{"start":{"line":70,"column":31},"end":{"line":70,"column":61}}],"line":70},"5":{"loc":{"start":{"line":84,"column":10},"end":{"line":84,"column":54}},"type":"cond-expr","locations":[{"start":{"line":84,"column":26},"end":{"line":84,"column":41}},{"start":{"line":84,"column":44},"end":{"line":84,"column":54}}],"line":84},"6":{"loc":{"start":{"line":96,"column":2},"end":{"line":102,"column":3}},"type":"if","locations":[{"start":{"line":96,"column":2},"end":{"line":102,"column":3}},{"start":{},"end":{}}],"line":96},"7":{"loc":{"start":{"line":108,"column":6},"end":{"line":108,"column":65}},"type":"if","locations":[{"start":{"line":108,"column":6},"end":{"line":108,"column":65}},{"start":{},"end":{}}],"line":108},"8":{"loc":{"start":{"line":133,"column":9},"end":{"line":135,"column":8}},"type":"cond-expr","locations":[{"start":{"line":134,"column":6},"end":{"line":134,"column":35}},{"start":{"line":135,"column":6},"end":{"line":135,"column":8}}],"line":133},"9":{"loc":{"start":{"line":145,"column":2},"end":{"line":145,"column":66}},"type":"if","locations":[{"start":{"line":145,"column":2},"end":{"line":145,"column":66}},{"start":{},"end":{}}],"line":145},"10":{"loc":{"start":{"line":145,"column":32},"end":{"line":145,"column":65}},"type":"cond-expr","locations":[{"start":{"line":145,"column":52},"end":{"line":145,"column":60}},{"start":{"line":145,"column":63},"end":{"line":145,"column":65}}],"line":145},"11":{"loc":{"start":{"line":152,"column":22},"end":{"line":154,"column":23}},"type":"cond-expr","locations":[{"start":{"line":153,"column":8},"end":{"line":153,"column":25}},{"start":{"line":154,"column":8},"end":{"line":154,"column":23}}],"line":152},"12":{"loc":{"start":{"line":155,"column":27},"end":{"line":157,"column":28}},"type":"cond-expr","locations":[{"start":{"line":156,"column":8},"end":{"line":156,"column":30}},{"start":{"line":157,"column":8},"end":{"line":157,"column":28}}],"line":155},"13":{"loc":{"start":{"line":159,"column":6},"end":{"line":160,"column":75}},"type":"binary-expr","locations":[{"start":{"line":159,"column":6},"end":{"line":159,"column":31}},{"start":{"line":160,"column":7},"end":{"line":160,"column":23}},{"start":{"line":160,"column":27},"end":{"line":160,"column":74}}],"line":159},"14":{"loc":{"start":{"line":162,"column":4},"end":{"line":166,"column":5}},"type":"if","locations":[{"start":{"line":162,"column":4},"end":{"line":166,"column":5}},{"start":{},"end":{}}],"line":162},"15":{"loc":{"start":{"line":172,"column":2},"end":{"line":172,"column":44}},"type":"if","locations":[{"start":{"line":172,"column":2},"end":{"line":172,"column":44}},{"start":{},"end":{}}],"line":172},"16":{"loc":{"start":{"line":186,"column":22},"end":{"line":186,"column":93}},"type":"cond-expr","locations":[{"start":{"line":186,"column":43},"end":{"line":186,"column":50}},{"start":{"line":186,"column":53},"end":{"line":186,"column":93}}],"line":186},"17":{"loc":{"start":{"line":186,"column":53},"end":{"line":186,"column":93}},"type":"cond-expr","locations":[{"start":{"line":186,"column":75},"end":{"line":186,"column":83}},{"start":{"line":186,"column":86},"end":{"line":186,"column":93}}],"line":186},"18":{"loc":{"start":{"line":188,"column":2},"end":{"line":192,"column":3}},"type":"if","locations":[{"start":{"line":188,"column":2},"end":{"line":192,"column":3}},{"start":{},"end":{}}],"line":188},"19":{"loc":{"start":{"line":213,"column":6},"end":{"line":216,"column":7}},"type":"if","locations":[{"start":{"line":213,"column":6},"end":{"line":216,"column":7}},{"start":{},"end":{}}],"line":213},"20":{"loc":{"start":{"line":223,"column":8},"end":{"line":223,"column":73}},"type":"if","locations":[{"start":{"line":223,"column":8},"end":{"line":223,"column":73}},{"start":{},"end":{}}],"line":223},"21":{"loc":{"start":{"line":223,"column":12},"end":{"line":223,"column":64}},"type":"binary-expr","locations":[{"start":{"line":223,"column":12},"end":{"line":223,"column":30}},{"start":{"line":223,"column":34},"end":{"line":223,"column":64}}],"line":223},"22":{"loc":{"start":{"line":224,"column":8},"end":{"line":227,"column":9}},"type":"if","locations":[{"start":{"line":224,"column":8},"end":{"line":227,"column":9}},{"start":{},"end":{}}],"line":224},"23":{"loc":{"start":{"line":224,"column":12},"end":{"line":224,"column":62}},"type":"binary-expr","locations":[{"start":{"line":224,"column":12},"end":{"line":224,"column":35}},{"start":{"line":224,"column":39},"end":{"line":224,"column":62}}],"line":224},"24":{"loc":{"start":{"line":240,"column":8},"end":{"line":247,"column":9}},"type":"if","locations":[{"start":{"line":240,"column":8},"end":{"line":247,"column":9}},{"start":{"line":242,"column":15},"end":{"line":247,"column":9}}],"line":240},"25":{"loc":{"start":{"line":240,"column":12},"end":{"line":240,"column":73}},"type":"binary-expr","locations":[{"start":{"line":240,"column":12},"end":{"line":240,"column":33}},{"start":{"line":240,"column":37},"end":{"line":240,"column":73}}],"line":240},"26":{"loc":{"start":{"line":242,"column":15},"end":{"line":247,"column":9}},"type":"if","locations":[{"start":{"line":242,"column":15},"end":{"line":247,"column":9}},{"start":{},"end":{}}],"line":242},"27":{"loc":{"start":{"line":250,"column":4},"end":{"line":250,"column":65}},"type":"if","locations":[{"start":{"line":250,"column":4},"end":{"line":250,"column":65}},{"start":{},"end":{}}],"line":250},"28":{"loc":{"start":{"line":257,"column":4},"end":{"line":260,"column":5}},"type":"if","locations":[{"start":{"line":257,"column":4},"end":{"line":260,"column":5}},{"start":{},"end":{}}],"line":257},"29":{"loc":{"start":{"line":257,"column":8},"end":{"line":257,"column":56}},"type":"binary-expr","locations":[{"start":{"line":257,"column":8},"end":{"line":257,"column":31}},{"start":{"line":257,"column":35},"end":{"line":257,"column":56}}],"line":257},"30":{"loc":{"start":{"line":261,"column":4},"end":{"line":263,"column":5}},"type":"if","locations":[{"start":{"line":261,"column":4},"end":{"line":263,"column":5}},{"start":{},"end":{}}],"line":261},"31":{"loc":{"start":{"line":261,"column":8},"end":{"line":261,"column":51}},"type":"binary-expr","locations":[{"start":{"line":261,"column":8},"end":{"line":261,"column":31}},{"start":{"line":261,"column":35},"end":{"line":261,"column":51}}],"line":261},"32":{"loc":{"start":{"line":276,"column":4},"end":{"line":281,"column":5}},"type":"if","locations":[{"start":{"line":276,"column":4},"end":{"line":281,"column":5}},{"start":{},"end":{}}],"line":276}},"s":{"0":1,"1":1,"2":1,"3":1,"4":1,"5":1,"6":1,"7":1,"8":6,"9":6,"10":6,"11":30,"12":30,"13":6,"14":1,"15":0,"16":1,"17":1,"18":1,"19":0,"20":1,"21":1,"22":0,"23":0,"24":0,"25":0,"26":0,"27":0,"28":0,"29":0,"30":0,"31":0,"32":0,"33":0,"34":0,"35":0,"36":0,"37":0,"38":0,"39":0,"40":0,"41":0,"42":0,"43":0,"44":0,"45":0,"46":0,"47":0,"48":0,"49":0,"50":0,"51":0,"52":0,"53":0,"54":0,"55":0,"56":0,"57":0,"58":0,"59":0,"60":0,"61":0,"62":0,"63":0,"64":0,"65":0,"66":0,"67":0,"68":0,"69":0,"70":0,"71":0,"72":0,"73":0,"74":0,"75":0,"76":0,"77":0,"78":0,"79":0,"80":0,"81":0,"82":0,"83":0,"84":0,"85":0,"86":0,"87":0,"88":0,"89":0,"90":0,"91":0,"92":0,"93":0,"94":0,"95":0,"96":0,"97":0,"98":0,"99":0,"100":0,"101":0,"102":0,"103":0,"104":0},"f":{"0":6,"1":1,"2":1,"3":0,"4":1,"5":1,"6":0,"7":0,"8":0,"9":0,"10":0,"11":0,"12":0,"13":0,"14":0},"b":{"0":[1,0],"1":[1,1],"2":[0],"3":[1,0],"4":[1,1],"5":[1,0],"6":[0,0],"7":[0,0],"8":[0,0],"9":[0,0],"10":[0,0],"11":[0,0],"12":[0,0],"13":[0,0,0],"14":[0,0],"15":[0,0],"16":[0,0],"17":[0,0],"18":[0,0],"19":[0,0],"20":[0,0],"21":[0,0],"22":[0,0],"23":[0,0],"24":[0,0],"25":[0,0],"26":[0,0],"27":[0,0],"28":[0,0],"29":[0,0],"30":[0,0],"31":[0,0],"32":[0,0]},"_coverageSchema":"1a1c01bbd47fc00a2c39e90264f33305004495a9","hash":"90038c57a6502f870c79dedbbe22a2751119c85a"}
,"/Users/alialmahdi/Bic_Reader/supabase/functions/_shared/aiPolicy.ts": {"path":"/Users/alialmahdi/Bic_Reader/supabase/functions/_shared/aiPolicy.ts","statementMap":{"0":{"start":{"line":4,"column":2},"end":{"line":21,"column":3}},"1":{"start":{"line":6,"column":6},"end":{"line":6,"column":99}},"2":{"start":{"line":8,"column":6},"end":{"line":8,"column":98}},"3":{"start":{"line":10,"column":6},"end":{"line":10,"column":93}},"4":{"start":{"line":12,"column":6},"end":{"line":12,"column":103}},"5":{"start":{"line":14,"column":6},"end":{"line":14,"column":105}},"6":{"start":{"line":16,"column":6},"end":{"line":16,"column":102}},"7":{"start":{"line":18,"column":6},"end":{"line":18,"column":83}},"8":{"start":{"line":20,"column":6},"end":{"line":20,"column":92}}},"fnMap":{"0":{"name":"getAiDenial","decl":{"start":{"line":3,"column":16},"end":{"line":3,"column":27}},"loc":{"start":{"line":3,"column":55},"end":{"line":22,"column":1}},"line":3}},"branchMap":{"0":{"loc":{"start":{"line":4,"column":2},"end":{"line":21,"column":3}},"type":"switch","locations":[{"start":{"line":5,"column":4},"end":{"line":6,"column":99}},{"start":{"line":7,"column":4},"end":{"line":8,"column":98}},{"start":{"line":9,"column":4},"end":{"line":10,"column":93}},{"start":{"line":11,"column":4},"end":{"line":12,"column":103}},{"start":{"line":13,"column":4},"end":{"line":14,"column":105}},{"start":{"line":15,"column":4},"end":{"line":16,"column":102}},{"start":{"line":17,"column":4},"end":{"line":18,"column":83}},{"start":{"line":19,"column":4},"end":{"line":20,"column":92}}],"line":4}},"s":{"0":8,"1":1,"2":1,"3":1,"4":1,"5":1,"6":1,"7":1,"8":1},"f":{"0":8},"b":{"0":[1,1,1,1,1,1,1,1]},"_coverageSchema":"1a1c01bbd47fc00a2c39e90264f33305004495a9","hash":"96234e0465b39b793b5dceec3c28d97e51360643"}
}
