TN:
SF:architecture/FindWordInOtherTab.tsx
FN:22,findWordMenuItems
FN:40,findTargetForMenuKey
FN:48,anchorForSelectedWord
FN:58,(anonymous_3)
FN:67,(anonymous_4)
FNF:5
FNH:3
FNDA:0,findWordMenuItems
FNDA:0,findTargetForMenuKey
FNDA:1,anchorForSelectedWord
FNDA:1,(anonymous_3)
FNDA:3,(anonymous_4)
DA:26,0
DA:27,0
DA:32,0
DA:41,0
DA:42,0
DA:43,0
DA:44,0
DA:55,1
DA:56,1
DA:57,1
DA:58,1
DA:60,1
DA:62,1
DA:63,1
DA:64,1
DA:65,1
DA:68,3
DA:69,3
DA:72,1
DA:73,1
DA:75,1
LF:21
LH:14
BRDA:26,0,0,0
BRDA:26,0,1,0
BRDA:33,1,0,0
BRDA:33,1,1,0
BRDA:41,2,0,0
BRDA:41,2,1,0
BRDA:42,3,0,0
BRDA:42,3,1,0
BRDA:43,4,0,0
BRDA:43,4,1,0
BRDA:56,5,0,0
BRDA:56,5,1,1
BRDA:60,6,0,0
BRDA:60,6,1,1
BRDA:63,7,0,0
BRDA:63,7,1,1
BRDA:68,8,0,3
BRDA:68,8,1,0
BRDA:72,9,0,1
BRDA:72,9,1,0
BRDA:73,10,0,1
BRDA:73,10,1,1
BRDA:77,11,0,1
BRDA:77,11,1,0
BRDA:80,12,0,1
BRDA:80,12,1,0
BRDA:82,13,0,1
BRDA:82,13,1,0
BRDA:83,14,0,1
BRDA:83,14,1,0
BRF:30
BRH:11
end_of_record
TN:
SF:architecture/HorizontalSwipFlip.tsx
FN:16,captureHorizontalFlipAnchor
FN:26,(anonymous_1)
FN:36,horizontalPageForFlipAnchor
FN:41,(anonymous_3)
FN:43,(anonymous_4)
FN:50,(anonymous_5)
FN:51,(anonymous_6)
FNF:7
FNH:5
FNDA:1,captureHorizontalFlipAnchor
FNDA:1,(anonymous_1)
FNDA:1,horizontalPageForFlipAnchor
FNDA:2,(anonymous_3)
FNDA:2,(anonymous_4)
FNDA:0,(anonymous_5)
FNDA:0,(anonymous_6)
DA:20,1
DA:21,1
DA:22,1
DA:23,1
DA:25,1
DA:26,1
DA:28,1
DA:40,1
DA:41,1
DA:42,2
DA:44,2
DA:49,1
DA:50,0
DA:51,0
DA:56,1
LF:15
LH:13
BRDA:21,0,0,0
BRDA:21,0,1,1
BRDA:23,1,0,1
BRDA:23,1,1,0
BRDA:25,2,0,1
BRDA:25,2,1,0
BRDA:31,3,0,1
BRDA:31,3,1,0
BRDA:40,4,0,0
BRDA:40,4,1,1
BRDA:44,5,0,2
BRDA:44,5,1,2
BRDA:44,5,2,2
BRDA:49,6,0,1
BRDA:49,6,1,0
BRF:15
BRH:9
end_of_record
TN:
SF:architecture/anchor/AnchorController.ts
FN:8,(anonymous_0)
FN:15,(anonymous_1)
FN:19,(anonymous_2)
FN:21,(anonymous_3)
FN:27,(anonymous_4)
FN:32,(anonymous_5)
FN:36,(anonymous_6)
FNF:7
FNH:6
FNDA:2,(anonymous_0)
FNDA:1,(anonymous_1)
FNDA:6,(anonymous_2)
FNDA:1,(anonymous_3)
FNDA:4,(anonymous_4)
FNDA:0,(anonymous_5)
FNDA:4,(anonymous_6)
DA:4,1
DA:8,2
DA:16,1
DA:19,6
DA:22,1
DA:23,1
DA:24,1
DA:28,4
DA:29,3
DA:33,0
DA:37,4
DA:38,1
DA:39,1
DA:41,3
DA:42,3
DA:44,1
DA:45,1
DA:47,2
DA:57,2
DA:58,2
DA:59,2
DA:60,2
DA:64,1
LF:23
LH:22
BRDA:8,0,0,0
BRDA:8,0,1,2
BRDA:10,1,0,2
BRDA:10,1,1,0
BRDA:23,2,0,0
BRDA:23,2,1,1
BRDA:28,3,0,1
BRDA:28,3,1,3
BRDA:37,4,0,1
BRDA:37,4,1,3
BRDA:37,5,0,4
BRDA:37,5,1,4
BRDA:37,5,2,4
BRDA:38,6,0,1
BRDA:38,6,1,0
BRDA:42,7,0,1
BRDA:42,7,1,2
BRDA:42,8,0,3
BRDA:42,8,1,1
BRDA:42,8,2,1
BRDA:44,9,0,1
BRDA:44,9,1,0
BRDA:51,10,0,0
BRDA:51,10,1,2
BRDA:52,11,0,1
BRDA:52,11,1,1
BRDA:54,12,0,0
BRDA:54,12,1,2
BRDA:54,13,0,2
BRDA:54,13,1,1
BRDA:55,14,0,2
BRDA:55,14,1,1
BRDA:58,15,0,2
BRDA:58,15,1,0
BRDA:59,16,0,1
BRDA:59,16,1,1
BRF:36
BRH:28
end_of_record
TN:
SF:architecture/anchor/AnchorMetrics.ts
FN:17,anchorAccuracyScore
FN:47,recordTransitionMetric
FN:53,getRecentTransitionMetrics
FN:57,summarizeTransitionMetrics
FN:63,(anonymous_4)
FN:64,(anonymous_5)
FN:64,(anonymous_6)
FN:66,(anonymous_7)
FN:67,(anonymous_8)
FN:68,(anonymous_9)
FN:74,(anonymous_10)
FN:81,resetTransitionMetrics
FNF:12
FNH:12
FNDA:7,anchorAccuracyScore
FNDA:109,recordTransitionMetric
FNDA:2,getRecentTransitionMetrics
FNDA:1,summarizeTransitionMetrics
FNDA:3,(anonymous_4)
FNDA:3,(anonymous_5)
FNDA:2,(anonymous_6)
FNDA:2,(anonymous_7)
FNDA:2,(anonymous_8)
FNDA:2,(anonymous_9)
FNDA:2,(anonymous_10)
FNDA:1,resetTransitionMetrics
DA:13,2
DA:14,2
DA:21,7
DA:22,7
DA:23,6
DA:25,6
DA:26,6
DA:27,5
DA:29,5
DA:33,5
DA:34,5
DA:35,0
DA:39,0
DA:40,0
DA:42,0
DA:44,5
DA:48,109
DA:49,109
DA:50,109
DA:54,2
DA:60,1
DA:61,0
DA:63,3
DA:64,3
DA:65,1
DA:66,2
DA:67,2
DA:68,1
DA:69,2
DA:70,1
DA:74,2
DA:82,1
LF:32
LH:27
BRDA:21,0,0,0
BRDA:21,0,1,7
BRDA:21,1,0,7
BRDA:21,1,1,7
BRDA:22,2,0,1
BRDA:22,2,1,6
BRDA:23,3,0,0
BRDA:23,3,1,6
BRDA:26,4,0,1
BRDA:26,4,1,5
BRDA:29,5,0,5
BRDA:29,5,1,0
BRDA:30,6,0,5
BRDA:30,6,1,5
BRDA:35,7,0,0
BRDA:35,7,1,0
BRDA:36,8,0,0
BRDA:36,8,1,0
BRDA:49,9,0,5
BRDA:49,9,1,104
BRDA:50,10,0,109
BRDA:50,10,1,0
BRDA:58,11,0,0
BRDA:60,12,0,0
BRDA:60,12,1,1
BRDA:73,13,0,1
BRDA:73,13,1,0
BRF:27
BRH:16
end_of_record
TN:
SF:architecture/anchor/AnchorStore.ts
FN:18,(anonymous_0)
FN:23,(anonymous_1)
FN:24,(anonymous_2)
FN:25,(anonymous_3)
FN:26,(anonymous_4)
FN:27,(anonymous_5)
FN:27,(anonymous_6)
FNF:7
FNH:5
FNDA:1,(anonymous_0)
FNDA:2,(anonymous_1)
FNDA:3,(anonymous_2)
FNDA:3,(anonymous_3)
FNDA:30,(anonymous_4)
FNDA:0,(anonymous_5)
FNDA:0,(anonymous_6)
DA:16,1
DA:18,1
DA:23,2
DA:24,3
DA:25,3
DA:26,30
DA:27,0
DA:33,1
LF:8
LH:7
BRDA:28,0,0,0
BRDA:28,0,1,0
BRF:2
BRH:0
end_of_record
TN:
SF:architecture/anchor/AnchorTypes.ts
FNF:0
FNH:0
LF:0
LH:0
BRF:0
BRH:0
end_of_record
TN:
SF:architecture/anchor/HorizontalAnchorAdapter.ts
FN:7,generatedPageDestination
FN:19,generatedPageForAnchor
FN:26,(anonymous_2)
FN:26,(anonymous_3)
FN:31,(anonymous_4)
FN:31,(anonymous_5)
FN:36,(anonymous_6)
FN:36,(anonymous_7)
FN:41,createHorizontalAnchorAdapter
FN:50,(anonymous_9)
FN:54,(anonymous_10)
FN:58,(anonymous_11)
FN:62,(anonymous_12)
FN:77,(anonymous_13)
FNF:14
FNH:4
FNDA:1,generatedPageDestination
FNDA:50010,generatedPageForAnchor
FNDA:100021,(anonymous_2)
FNDA:100021,(anonymous_3)
FNDA:0,(anonymous_4)
FNDA:0,(anonymous_5)
FNDA:0,(anonymous_6)
FNDA:0,(anonymous_7)
FNDA:0,createHorizontalAnchorAdapter
FNDA:0,(anonymous_9)
FNDA:0,(anonymous_10)
FNDA:0,(anonymous_11)
FNDA:0,(anonymous_12)
FNDA:0,(anonymous_13)
DA:12,1
DA:23,50010
DA:24,50010
DA:25,50010
DA:26,100021
DA:27,100021
DA:30,50010
DA:31,0
DA:32,0
DA:34,0
DA:36,0
DA:39,2
DA:48,0
DA:49,0
DA:51,0
DA:52,0
DA:53,0
DA:54,0
DA:56,0
DA:59,0
DA:60,0
DA:63,0
DA:64,0
DA:65,0
DA:66,0
DA:67,0
DA:68,0
DA:69,0
DA:70,0
DA:71,0
DA:72,0
DA:75,0
DA:77,0
DA:79,0
DA:80,0
LF:35
LH:8
BRDA:10,0,0,0
BRDA:23,1,0,0
BRDA:23,1,1,50010
BRDA:24,2,0,50010
BRDA:24,2,1,0
BRDA:27,3,0,100021
BRDA:27,3,1,50011
BRDA:27,3,2,50011
BRDA:27,3,3,50011
BRDA:30,4,0,50010
BRDA:30,4,1,0
BRDA:32,5,0,0
BRDA:32,5,1,0
BRDA:34,6,0,0
BRDA:34,6,1,0
BRDA:48,7,0,0
BRDA:48,7,1,0
BRDA:53,8,0,0
BRDA:53,8,1,0
BRDA:63,9,0,0
BRDA:63,9,1,0
BRDA:67,10,0,0
BRDA:67,10,1,0
BRDA:67,11,0,0
BRDA:67,11,1,0
BRDA:69,12,0,0
BRDA:69,12,1,0
BRDA:71,13,0,0
BRDA:71,13,1,0
BRDA:72,14,0,0
BRDA:72,14,1,0
BRDA:83,15,0,0
BRDA:83,15,1,0
BRF:33
BRH:7
end_of_record
TN:
SF:architecture/anchor/OriginalAnchorAdapter.ts
FN:8,originalDestination
FN:12,originalHighlightTarget
FN:19,(anonymous_2)
FN:20,(anonymous_3)
FN:43,createOriginalAnchorAdapter
FN:49,(anonymous_5)
FN:53,(anonymous_6)
FN:57,(anonymous_7)
FN:61,(anonymous_8)
FNF:9
FNH:1
FNDA:50005,originalDestination
FNDA:0,originalHighlightTarget
FNDA:0,(anonymous_2)
FNDA:0,(anonymous_3)
FNDA:0,createOriginalAnchorAdapter
FNDA:0,(anonymous_5)
FNDA:0,(anonymous_6)
FNDA:0,(anonymous_7)
FNDA:0,(anonymous_8)
DA:9,50005
DA:17,0
DA:18,0
DA:19,0
DA:20,0
DA:21,0
DA:22,0
DA:23,0
DA:27,0
DA:28,0
DA:31,0
DA:48,0
DA:50,0
DA:51,0
DA:52,0
DA:53,0
DA:55,0
DA:58,0
DA:59,0
DA:62,0
DA:63,0
DA:64,0
LF:22
LH:1
BRDA:8,0,0,0
BRDA:17,1,0,0
BRDA:17,1,1,0
BRDA:18,2,0,0
BRDA:18,2,1,0
BRDA:20,3,0,0
BRDA:20,3,1,0
BRDA:21,4,0,0
BRDA:21,4,1,0
BRDA:21,5,0,0
BRDA:21,5,1,0
BRDA:25,6,0,0
BRDA:25,6,1,0
BRDA:25,7,0,0
BRDA:25,7,1,0
BRDA:28,8,0,0
BRDA:28,8,1,0
BRDA:28,9,0,0
BRDA:28,9,1,0
BRDA:33,10,0,0
BRDA:33,10,1,0
BRDA:35,11,0,0
BRDA:35,11,1,0
BRDA:52,12,0,0
BRDA:52,12,1,0
BRF:25
BRH:0
end_of_record
TN:
SF:architecture/anchor/OriginalNavigation.ts
FN:7,hasExactOriginalDestination
FNF:1
FNH:1
FNDA:3,hasExactOriginalDestination
DA:11,3
LF:1
LH:1
BRDA:12,0,0,3
BRDA:12,0,1,3
BRDA:12,0,2,2
BRF:3
BRH:3
end_of_record
TN:
SF:architecture/anchor/TransitionController.ts
FN:17,(anonymous_0)
FN:22,(anonymous_1)
FN:35,(anonymous_2)
FN:49,(anonymous_3)
FN:74,(anonymous_4)
FNF:5
FNH:5
FNDA:53,(anonymous_0)
FNDA:5,(anonymous_1)
FNDA:20,(anonymous_2)
FNDA:5,(anonymous_3)
FNDA:6,(anonymous_4)
DA:9,1
DA:12,1
DA:15,5
DA:18,53
DA:19,53
DA:23,5
DA:24,5
DA:25,1
DA:26,1
DA:32,1
DA:36,20
DA:37,20
DA:38,20
DA:39,20
DA:45,20
DA:46,20
DA:56,5
DA:57,5
DA:58,5
DA:59,5
DA:60,5
DA:61,5
DA:62,5
DA:63,4
DA:64,4
DA:65,4
DA:66,4
DA:67,4
DA:68,4
DA:69,4
DA:70,6
DA:71,6
DA:72,6
DA:73,6
DA:74,6
DA:75,6
DA:76,6
DA:77,6
DA:78,6
DA:79,6
DA:80,3
DA:81,3
DA:85,3
DA:86,3
DA:87,3
DA:88,3
DA:97,3
DA:106,3
DA:107,0
DA:115,3
DA:116,0
DA:124,3
DA:126,3
DA:133,3
DA:134,3
DA:142,1
DA:144,2
DA:145,1
DA:146,1
DA:147,1
DA:148,1
DA:155,1
DA:162,1
DA:163,1
DA:168,1
LF:65
LH:63
BRDA:19,0,0,53
BRDA:19,0,1,51
BRDA:22,1,0,5
BRDA:24,2,0,4
BRDA:24,2,1,1
BRDA:32,3,0,1
BRDA:32,3,1,0
BRDA:36,4,0,0
BRDA:36,4,1,20
BRDA:45,5,0,20
BRDA:45,5,1,0
BRDA:62,6,0,1
BRDA:62,6,1,4
BRDA:62,7,0,5
BRDA:62,7,1,4
BRDA:62,8,0,1
BRDA:62,8,1,0
BRDA:64,9,0,0
BRDA:64,9,1,4
BRDA:64,10,0,4
BRDA:64,10,1,0
BRDA:65,11,0,0
BRDA:65,11,1,4
BRDA:67,12,0,0
BRDA:67,12,1,4
BRDA:68,13,0,0
BRDA:68,13,1,4
BRDA:72,14,0,0
BRDA:72,14,1,6
BRDA:73,15,0,0
BRDA:73,15,1,6
BRDA:73,16,0,6
BRDA:73,16,1,0
BRDA:73,17,0,0
BRDA:73,17,1,0
BRDA:75,18,0,0
BRDA:75,18,1,6
BRDA:77,19,0,6
BRDA:77,19,1,0
BRDA:78,20,0,0
BRDA:78,20,1,6
BRDA:79,21,0,3
BRDA:79,21,1,3
BRDA:82,22,0,3
BRDA:82,22,1,0
BRDA:83,23,0,3
BRDA:83,23,1,0
BRDA:106,24,0,0
BRDA:106,24,1,3
BRDA:115,25,0,0
BRDA:115,25,1,3
BRDA:133,26,0,3
BRDA:133,26,1,0
BRDA:137,27,0,3
BRDA:137,27,1,0
BRDA:144,28,0,1
BRDA:144,28,1,1
BRDA:145,29,0,1
BRDA:145,29,1,0
BRDA:146,30,0,0
BRDA:146,30,1,1
BRDA:147,31,0,1
BRDA:147,31,1,0
BRDA:160,32,0,0
BRDA:160,32,1,1
BRDA:162,33,0,1
BRDA:162,33,1,0
BRF:67
BRH:39
end_of_record
TN:
SF:architecture/anchor/TranslationAnchorMapper.ts
FN:3,(anonymous_0)
FN:6,(anonymous_1)
FN:11,toTranslationAnchor
FN:15,toSourceAnchor
FN:26,proportionalWordIndex
FNF:5
FNH:5
FNDA:50006,(anonymous_0)
FNDA:3,(anonymous_1)
FNDA:50005,toTranslationAnchor
FNDA:1,toSourceAnchor
FNDA:4,proportionalWordIndex
DA:3,2
DA:4,50006
DA:6,2
DA:7,3
DA:8,3
DA:12,50005
DA:16,1
DA:27,4
DA:28,3
LF:9
LH:9
BRDA:8,0,0,2
BRDA:8,0,1,1
BRDA:12,1,0,50005
BRDA:12,1,1,0
BRDA:19,2,0,1
BRDA:19,2,1,0
BRDA:19,3,0,0
BRDA:19,3,1,0
BRDA:27,4,0,1
BRDA:27,4,1,3
BRDA:28,5,0,3
BRDA:28,5,1,0
BRF:12
BRH:7
end_of_record
TN:
SF:architecture/anchor/VerticalAnchorAdapter.ts
FN:9,verticalDestination
FN:24,verticalRestoreMessage
FN:28,anchorFromVisibleWord
FN:45,anchorsMatch
FN:88,createVerticalAnchorAdapter
FN:97,(anonymous_5)
FN:101,(anonymous_6)
FN:105,(anonymous_7)
FN:109,(anonymous_8)
FN:128,(anonymous_9)
FNF:10
FNH:4
FNDA:50009,verticalDestination
FNDA:1,verticalRestoreMessage
FNDA:1,anchorFromVisibleWord
FNDA:4,anchorsMatch
FNDA:0,createVerticalAnchorAdapter
FNDA:0,(anonymous_5)
FNDA:0,(anonymous_6)
FNDA:0,(anonymous_7)
FNDA:0,(anonymous_8)
FNDA:0,(anonymous_9)
DA:13,50009
DA:25,1
DA:36,1
DA:49,4
DA:50,4
DA:51,4
DA:52,4
DA:59,2
DA:64,2
DA:70,2
DA:72,0
DA:74,0
DA:86,2
DA:95,0
DA:96,0
DA:98,0
DA:99,0
DA:100,0
DA:101,0
DA:103,0
DA:106,0
DA:107,0
DA:110,0
DA:111,0
DA:112,0
DA:113,0
DA:114,0
DA:118,0
DA:119,0
DA:120,0
DA:121,0
DA:122,0
DA:123,0
DA:126,0
DA:128,0
DA:130,0
DA:131,0
LF:37
LH:11
BRDA:11,0,0,0
BRDA:39,1,0,1
BRDA:39,1,1,0
BRDA:39,2,0,1
BRDA:39,2,1,1
BRDA:49,3,0,0
BRDA:49,3,1,4
BRDA:49,4,0,4
BRDA:49,4,1,4
BRDA:50,5,0,4
BRDA:50,5,1,0
BRDA:51,6,0,0
BRDA:51,6,1,4
BRDA:52,7,0,2
BRDA:52,7,1,2
BRDA:60,8,0,2
BRDA:60,8,1,2
BRDA:61,9,0,2
BRDA:61,9,1,0
BRDA:64,10,0,2
BRDA:64,10,1,0
BRDA:65,11,0,2
BRDA:65,11,1,2
BRDA:95,12,0,0
BRDA:95,12,1,0
BRDA:100,13,0,0
BRDA:100,13,1,0
BRDA:110,14,0,0
BRDA:110,14,1,0
BRDA:114,15,0,0
BRDA:114,15,1,0
BRDA:115,16,0,0
BRDA:115,16,1,0
BRDA:120,17,0,0
BRDA:120,17,1,0
BRDA:122,18,0,0
BRDA:122,18,1,0
BRDA:123,19,0,0
BRDA:123,19,1,0
BRDA:131,20,0,0
BRDA:131,20,1,0
BRF:41
BRH:16
end_of_record
TN:
SF:components/errors/AppErrorBoundary.tsx
FN:21,(anonymous_0)
FN:25,(anonymous_1)
FN:31,(anonymous_2)
FN:33,(anonymous_3)
FNF:4
FNH:2
FNDA:1,(anonymous_0)
FNDA:1,(anonymous_1)
FNDA:0,(anonymous_2)
FNDA:0,(anonymous_3)
DA:19,1
DA:22,1
DA:26,1
DA:31,1
DA:34,0
DA:36,0
DA:63,1
LF:7
LH:5
BRDA:34,0,0,0
BRDA:34,0,1,0
BRDA:48,1,0,0
BRDA:48,1,1,0
BRF:4
BRH:0
end_of_record
TN:
SF:database/pdfTranslationRepository.ts
FN:8,getCachedPdfTranslations
FN:32,savePdfTranslations
FN:39,(anonymous_2)
FN:69,getPdfTranslationPreference
FN:80,savePdfTranslationPreference
FN:86,(anonymous_5)
FN:94,(anonymous_6)
FNF:7
FNH:3
FNDA:1,getCachedPdfTranslations
FNDA:1,savePdfTranslations
FNDA:1,(anonymous_2)
FNDA:0,getPdfTranslationPreference
FNDA:0,savePdfTranslationPreference
FNDA:0,(anonymous_5)
FNDA:0,(anonymous_6)
DA:13,1
DA:21,1
DA:22,1
DA:23,2
DA:24,2
DA:29,1
DA:38,1
DA:39,1
DA:40,1
DA:48,1
DA:49,1
DA:50,1
DA:51,1
DA:52,1
DA:55,1
DA:64,1
DA:73,0
DA:77,0
DA:85,0
DA:86,0
DA:87,0
DA:92,0
DA:94,0
DA:95,0
LF:24
LH:16
BRDA:38,0,0,0
BRDA:38,0,1,1
BRDA:52,1,0,1
BRDA:52,1,1,0
BRDA:85,2,0,0
BRDA:85,2,1,0
BRF:6
BRH:2
end_of_record
TN:
SF:database/readerPositionRepository.ts
FN:11,loadReaderPosition
FN:27,saveReaderPosition
FN:28,(anonymous_2)
FNF:3
FNH:3
FNDA:1,loadReaderPosition
FNDA:1,saveReaderPosition
FNDA:1,(anonymous_2)
DA:12,1
DA:15,1
DA:28,1
LF:3
LH:3
BRDA:15,0,0,1
BRDA:15,0,1,0
BRDA:18,1,0,1
BRDA:18,1,1,0
BRDA:19,2,0,1
BRDA:19,2,1,0
BRDA:20,3,0,1
BRDA:20,3,1,0
BRDA:21,4,0,1
BRDA:21,4,1,0
BRDA:41,5,0,1
BRDA:41,5,1,0
BRDA:42,6,0,1
BRDA:42,6,1,0
BRDA:42,7,0,1
BRDA:42,7,1,0
BRDA:43,8,0,1
BRDA:43,8,1,0
BRF:18
BRH:9
end_of_record
TN:
SF:lib/auth-deep-link.ts
FN:5,getAuthParams
FN:10,(anonymous_1)
FN:16,createSessionFromAuthUrl
FNF:3
FNH:3
FNDA:4,getAuthParams
FNDA:22,(anonymous_1)
FNDA:4,createSessionFromAuthUrl
DA:6,4
DA:7,4
DA:9,4
DA:11,22
DA:17,4
DA:18,4
DA:19,4
DA:21,4
DA:22,1
DA:25,3
DA:26,3
DA:28,3
DA:29,1
DA:34,1
DA:35,1
DA:38,2
DA:40,2
DA:41,1
DA:43,1
DA:44,1
DA:47,1
DA:48,1
DA:50,1
DA:51,0
DA:56,0
DA:57,0
DA:60,1
LF:27
LH:24
BRDA:11,0,0,22
BRDA:11,0,1,20
BRDA:19,1,0,4
BRDA:19,1,1,4
BRDA:21,2,0,1
BRDA:21,2,1,3
BRDA:21,3,0,4
BRDA:21,3,1,3
BRDA:22,4,0,1
BRDA:22,4,1,0
BRDA:22,4,2,0
BRDA:28,5,0,1
BRDA:28,5,1,2
BRDA:28,6,0,3
BRDA:28,6,1,1
BRDA:34,7,0,0
BRDA:34,7,1,1
BRDA:40,8,0,1
BRDA:40,8,1,1
BRDA:43,9,0,0
BRDA:43,9,1,1
BRDA:50,10,0,0
BRDA:50,10,1,1
BRDA:50,11,0,1
BRDA:50,11,1,0
BRDA:56,12,0,0
BRDA:56,12,1,0
BRF:27
BRH:19
end_of_record
TN:
SF:lib/authNavigation.ts
FN:3,authReturnTarget
FN:8,destinationAfterAuth
FN:14,authRoute
FNF:3
FNH:3
FNDA:5,authReturnTarget
FNDA:2,destinationAfterAuth
FNDA:1,authRoute
DA:4,5
DA:5,5
DA:9,2
DA:18,1
LF:4
LH:4
BRDA:4,0,0,1
BRDA:4,0,1,4
BRDA:5,1,0,3
BRDA:5,1,1,2
BRDA:9,2,0,1
BRDA:9,2,1,1
BRDA:18,3,0,1
BRDA:18,3,1,0
BRF:8
BRH:7
end_of_record
TN:
SF:services/accountDeletionService.ts
FN:5,deleteCurrentAccount
FN:19,(anonymous_1)
FNF:2
FNH:2
FNDA:2,deleteCurrentAccount
FNDA:1,(anonymous_1)
DA:6,2
DA:9,2
DA:10,1
DA:18,1
DA:19,1
DA:22,1
DA:23,1
DA:24,1
DA:29,0
DA:33,1
DA:36,1
DA:37,0
LF:12
LH:10
BRDA:9,0,0,1
BRDA:9,0,1,1
BRDA:9,1,0,2
BRDA:9,1,1,1
BRDA:11,2,0,0
BRDA:11,2,1,1
BRDA:36,3,0,0
BRDA:36,3,1,1
BRF:8
BRH:6
end_of_record
TN:
SF:services/cloudConflictPolicy.ts
FN:1,isCloudRecordNewer
FNF:1
FNH:1
FNDA:5,isCloudRecordNewer
DA:5,5
DA:6,4
DA:7,4
DA:8,4
DA:9,3
DA:10,3
LF:6
LH:6
BRDA:5,0,0,1
BRDA:5,0,1,4
BRDA:8,1,0,1
BRDA:8,1,1,3
BRDA:9,2,0,0
BRDA:9,2,1,3
BRF:6
BRH:5
end_of_record
TN:
SF:services/guestLibraryMigration.ts
FN:5,claimGuestLibrary
FN:6,(anonymous_1)
FNF:2
FNH:2
FNDA:1,claimGuestLibrary
FNDA:1,(anonymous_1)
DA:6,1
DA:7,1
LF:2
LH:2
BRF:0
BRH:0
end_of_record
TN:
SF:services/incomingPdfService.ts
FN:19,emitChange
FN:20,(anonymous_1)
FN:23,normalizeIncomingPdfUrl
FN:35,isIncomingPdfUrl
FN:43,registerIncomingPdfUrl
FN:64,clearIncomingPdfUrl
FN:70,claimIncomingPdfUrl
FN:76,releaseIncomingPdfUrl
FN:80,getIncomingPdf
FN:84,subscribeToIncomingPdf
FN:86,(anonymous_10)
FN:91,getReceiptUri
FN:97,wasIncomingPdfHandled
FN:111,markIncomingPdfHandled
FN:125,(anonymous_14)
FNF:15
FNH:6
FNDA:2,emitChange
FNDA:0,(anonymous_1)
FNDA:2,normalizeIncomingPdfUrl
FNDA:2,isIncomingPdfUrl
FNDA:2,registerIncomingPdfUrl
FNDA:1,clearIncomingPdfUrl
FNDA:0,claimIncomingPdfUrl
FNDA:0,releaseIncomingPdfUrl
FNDA:4,getIncomingPdf
FNDA:0,subscribeToIncomingPdf
FNDA:0,(anonymous_10)
FNDA:0,getReceiptUri
FNDA:0,wasIncomingPdfHandled
FNDA:0,markIncomingPdfHandled
FNDA:0,(anonymous_14)
DA:12,1
DA:13,1
DA:15,1
DA:16,1
DA:17,1
DA:20,2
DA:26,2
DA:28,2
DA:29,1
DA:32,1
DA:36,2
DA:37,2
DA:39,0
DA:47,2
DA:49,1
DA:50,1
DA:54,1
DA:58,1
DA:61,1
DA:65,1
DA:66,1
DA:67,1
DA:71,0
DA:72,0
DA:73,0
DA:77,0
DA:81,4
DA:85,0
DA:86,0
DA:87,0
DA:92,0
DA:98,0
DA:99,0
DA:101,0
DA:102,0
DA:105,0
DA:107,0
DA:112,0
DA:113,0
DA:115,0
DA:116,0
DA:117,0
DA:120,0
DA:125,0
DA:130,0
LF:45
LH:22
BRDA:28,0,0,1
BRDA:28,0,1,1
BRDA:45,1,0,1
BRDA:47,2,0,1
BRDA:47,2,1,1
BRDA:50,3,0,1
BRDA:50,3,1,0
BRDA:51,4,0,1
BRDA:51,4,1,0
BRDA:52,5,0,0
BRDA:52,5,1,0
BRDA:55,6,0,1
BRDA:55,6,1,0
BRDA:65,7,0,0
BRDA:65,7,1,1
BRDA:71,8,0,0
BRDA:71,8,1,0
BRDA:92,9,0,0
BRDA:92,9,1,0
BRDA:99,10,0,0
BRDA:99,10,1,0
BRDA:105,11,0,0
BRDA:105,11,1,0
BRDA:113,12,0,0
BRDA:113,12,1,0
BRDA:120,13,0,0
BRDA:120,13,1,0
BRF:27
BRH:9
end_of_record
TN:
SF:services/pdfImportService.ts
FN:19,normalizePdfName
FN:29,createPdfId
FN:33,getPdfDirectoryUri
FN:41,assertPdfHeader
FN:53,importPdf
FN:117,deleteStoredPdf
FNF:6
FNH:5
FNDA:6,normalizePdfName
FNDA:3,createPdfId
FNDA:3,getPdfDirectoryUri
FNDA:2,assertPdfHeader
FNDA:5,importPdf
FNDA:0,deleteStoredPdf
DA:11,1
DA:12,1
DA:20,6
DA:26,6
DA:30,3
DA:34,3
DA:35,0
DA:38,3
DA:42,2
DA:47,2
DA:48,2
DA:49,1
DA:58,5
DA:59,5
DA:61,5
DA:62,1
DA:65,4
DA:66,1
DA:69,3
DA:70,3
DA:72,3
DA:73,3
DA:74,3
DA:76,3
DA:78,2
DA:79,2
DA:81,1
DA:82,1
DA:85,1
DA:99,1
DA:100,1
DA:102,0
DA:106,0
DA:107,0
DA:108,0
DA:111,0
DA:114,1
DA:118,0
DA:120,0
DA:121,0
DA:124,0
LF:41
LH:31
BRDA:26,0,0,6
BRDA:26,0,1,0
BRDA:34,1,0,0
BRDA:34,1,1,3
BRDA:48,2,0,1
BRDA:48,2,1,1
BRDA:56,3,0,4
BRDA:61,4,0,1
BRDA:61,4,1,4
BRDA:65,5,0,1
BRDA:65,5,1,3
BRDA:107,6,0,0
BRDA:107,6,1,0
BRDA:120,7,0,0
BRDA:120,7,1,0
BRF:15
BRH:9
end_of_record
TN:
SF:services/revenueCatIdentity.ts
FN:1,hasPremiumAccessForIdentity
FNF:1
FNH:1
FNDA:4,hasPremiumAccessForIdentity
DA:5,4
LF:1
LH:1
BRDA:5,0,0,4
BRDA:5,0,1,2
BRF:2
BRH:2
end_of_record
TN:
SF:services/translationService.ts
FN:49,translationSourceHash
FN:58,isBookTranslationCancellation
FN:63,cancelActiveBookTranslation
FN:64,(anonymous_3)
FN:69,validateCompletedTranslations
FN:76,createTranslatedBlock
FN:90,translateBatch
FN:107,(anonymous_7)
FN:123,translateAnchorText
FN:138,createBatches
FN:176,translatePdfBlocks
FN:205,(anonymous_11)
FN:219,(anonymous_12)
FN:222,(anonymous_13)
FN:265,(anonymous_14)
FNF:15
FNH:5
FNDA:6,translationSourceHash
FNDA:1,isBookTranslationCancellation
FNDA:1,cancelActiveBookTranslation
FNDA:0,(anonymous_3)
FNDA:1,validateCompletedTranslations
FNDA:1,createTranslatedBlock
FNDA:0,translateBatch
FNDA:0,(anonymous_7)
FNDA:0,translateAnchorText
FNDA:0,createBatches
FNDA:0,translatePdfBlocks
FNDA:0,(anonymous_11)
FNDA:0,(anonymous_12)
FNDA:0,(anonymous_13)
FNDA:0,(anonymous_14)
DA:15,1
DA:16,1
DA:17,1
DA:18,1
DA:19,1
DA:21,1
DA:44,1
DA:47,1
DA:50,6
DA:51,6
DA:52,30
DA:53,30
DA:55,6
DA:59,1
DA:64,0
DA:66,1
DA:70,1
DA:71,1
DA:73,0
DA:81,1
DA:82,1
DA:96,0
DA:97,0
DA:104,0
DA:105,0
DA:108,0
DA:111,0
DA:112,0
DA:119,0
DA:128,0
DA:133,0
DA:145,0
DA:147,0
DA:148,0
DA:149,0
DA:151,0
DA:152,0
DA:155,0
DA:159,0
DA:162,0
DA:163,0
DA:164,0
DA:165,0
DA:168,0
DA:169,0
DA:172,0
DA:173,0
DA:183,0
DA:188,0
DA:189,0
DA:194,0
DA:195,0
DA:196,0
DA:198,0
DA:199,0
DA:200,0
DA:201,0
DA:202,0
DA:203,0
DA:204,0
DA:205,0
DA:206,0
DA:207,0
DA:208,0
DA:209,0
DA:210,0
DA:211,0
DA:213,0
DA:214,0
DA:215,0
DA:218,0
DA:219,0
DA:223,0
DA:224,0
DA:225,0
DA:226,0
DA:228,0
DA:240,0
DA:241,0
DA:242,0
DA:243,0
DA:250,0
DA:251,0
DA:252,0
DA:257,0
DA:258,0
DA:259,0
DA:261,0
DA:262,0
DA:265,0
DA:268,0
DA:270,0
DA:273,0
DA:276,0
DA:277,0
DA:282,0
DA:285,0
DA:290,0
LF:98
LH:19
BRDA:44,0,0,1
BRDA:44,0,1,0
BRDA:59,1,0,1
BRDA:59,1,1,1
BRDA:64,2,0,0
BRDA:70,3,0,1
BRDA:70,3,1,0
BRDA:70,4,0,1
BRDA:70,4,1,1
BRDA:84,5,0,1
BRDA:84,5,1,0
BRDA:96,6,0,0
BRDA:96,6,1,0
BRDA:108,7,0,0
BRDA:108,7,1,0
BRDA:133,8,0,0
BRDA:133,8,1,0
BRDA:145,9,0,0
BRDA:145,9,1,0
BRDA:145,10,0,0
BRDA:145,10,1,0
BRDA:152,11,0,0
BRDA:152,11,1,0
BRDA:155,12,0,0
BRDA:155,12,1,0
BRDA:159,13,0,0
BRDA:159,13,1,0
BRDA:159,13,2,0
BRDA:162,14,0,0
BRDA:162,14,1,0
BRDA:172,15,0,0
BRDA:172,15,1,0
BRDA:186,16,0,0
BRDA:186,16,1,0
BRDA:186,17,0,0
BRDA:186,17,1,0
BRDA:188,18,0,0
BRDA:188,18,1,0
BRDA:213,19,0,0
BRDA:213,19,1,0
BRDA:223,20,0,0
BRDA:223,20,1,0
BRDA:223,21,0,0
BRDA:223,21,1,0
BRDA:224,22,0,0
BRDA:224,22,1,0
BRDA:224,23,0,0
BRDA:224,23,1,0
BRDA:240,24,0,0
BRDA:240,24,1,0
BRDA:240,25,0,0
BRDA:240,25,1,0
BRDA:242,26,0,0
BRDA:242,26,1,0
BRDA:250,27,0,0
BRDA:250,27,1,0
BRDA:257,28,0,0
BRDA:257,28,1,0
BRDA:257,29,0,0
BRDA:257,29,1,0
BRDA:261,30,0,0
BRDA:261,30,1,0
BRDA:261,31,0,0
BRDA:261,31,1,0
BRDA:276,32,0,0
BRDA:276,32,1,0
BRF:66
BRH:7
end_of_record
TN:
SF:supabase/functions/_shared/aiPolicy.ts
FN:3,getAiDenial
FNF:1
FNH:1
FNDA:8,getAiDenial
DA:4,8
DA:6,1
DA:8,1
DA:10,1
DA:12,1
DA:14,1
DA:16,1
DA:18,1
DA:20,1
LF:9
LH:9
BRDA:4,0,0,1
BRDA:4,0,1,1
BRDA:4,0,2,1
BRDA:4,0,3,1
BRDA:4,0,4,1
BRDA:4,0,5,1
BRDA:4,0,6,1
BRDA:4,0,7,1
BRF:8
BRH:8
end_of_record
