TN:
SF:architecture/FindWordInOtherTab.tsx
FN:22,findWordMenuItems
FN:40,findTargetForMenuKey
FN:48,anchorForSelectedWord
FN:58,(anonymous_3)
FN:67,(anonymous_4)
FNF:5
FNH:3
FNDA:0,findWordMenuItems
FNDA:0,findTargetForMenuKey
FNDA:1,anchorForSelectedWord
FNDA:1,(anonymous_3)
FNDA:3,(anonymous_4)
DA:26,0
DA:27,0
DA:32,0
DA:41,0
DA:42,0
DA:43,0
DA:44,0
DA:55,1
DA:56,1
DA:57,1
DA:58,1
DA:60,1
DA:62,1
DA:63,1
DA:64,1
DA:65,1
DA:68,3
DA:69,3
DA:72,1
DA:73,1
DA:75,1
LF:21
LH:14
BRDA:26,0,0,0
BRDA:26,0,1,0
BRDA:33,1,0,0
BRDA:33,1,1,0
BRDA:41,2,0,0
BRDA:41,2,1,0
BRDA:42,3,0,0
BRDA:42,3,1,0
BRDA:43,4,0,0
BRDA:43,4,1,0
BRDA:56,5,0,0
BRDA:56,5,1,1
BRDA:60,6,0,0
BRDA:60,6,1,1
BRDA:63,7,0,0
BRDA:63,7,1,1
BRDA:68,8,0,3
BRDA:68,8,1,0
BRDA:72,9,0,1
BRDA:72,9,1,0
BRDA:73,10,0,1
BRDA:73,10,1,1
BRDA:77,11,0,1
BRDA:77,11,1,0
BRDA:80,12,0,1
BRDA:80,12,1,0
BRDA:82,13,0,1
BRDA:82,13,1,0
BRDA:83,14,0,1
BRDA:83,14,1,0
BRF:30
BRH:11
end_of_record
TN:
SF:architecture/HorizontalSwipFlip.tsx
FN:16,captureHorizontalFlipAnchor
FN:26,(anonymous_1)
FN:36,horizontalPageForFlipAnchor
FN:41,(anonymous_3)
FN:43,(anonymous_4)
FN:50,(anonymous_5)
FN:51,(anonymous_6)
FNF:7
FNH:5
FNDA:1,captureHorizontalFlipAnchor
FNDA:1,(anonymous_1)
FNDA:1,horizontalPageForFlipAnchor
FNDA:2,(anonymous_3)
FNDA:2,(anonymous_4)
FNDA:0,(anonymous_5)
FNDA:0,(anonymous_6)
DA:20,1
DA:21,1
DA:22,1
DA:23,1
DA:25,1
DA:26,1
DA:28,1
DA:40,1
DA:41,1
DA:42,2
DA:44,2
DA:49,1
DA:50,0
DA:51,0
DA:56,1
LF:15
LH:13
BRDA:21,0,0,0
BRDA:21,0,1,1
BRDA:23,1,0,1
BRDA:23,1,1,0
BRDA:25,2,0,1
BRDA:25,2,1,0
BRDA:31,3,0,1
BRDA:31,3,1,0
BRDA:40,4,0,0
BRDA:40,4,1,1
BRDA:44,5,0,2
BRDA:44,5,1,2
BRDA:44,5,2,2
BRDA:49,6,0,1
BRDA:49,6,1,0
BRF:15
BRH:9
end_of_record
TN:
SF:architecture/anchor/AnchorController.ts
FN:8,(anonymous_0)
FN:15,(anonymous_1)
FN:19,(anonymous_2)
FN:21,(anonymous_3)
FN:27,(anonymous_4)
FN:32,(anonymous_5)
FN:36,(anonymous_6)
FNF:7
FNH:6
FNDA:2,(anonymous_0)
FNDA:1,(anonymous_1)
FNDA:6,(anonymous_2)
FNDA:1,(anonymous_3)
FNDA:4,(anonymous_4)
FNDA:0,(anonymous_5)
FNDA:4,(anonymous_6)
DA:4,1
DA:8,2
DA:16,1
DA:19,6
DA:22,1
DA:23,1
DA:24,1
DA:28,4
DA:29,3
DA:33,0
DA:37,4
DA:38,1
DA:39,1
DA:41,3
DA:42,3
DA:44,1
DA:45,1
DA:47,2
DA:57,2
DA:58,2
DA:59,2
DA:60,2
DA:64,1
LF:23
LH:22
BRDA:8,0,0,0
BRDA:8,0,1,2
BRDA:10,1,0,2
BRDA:10,1,1,0
BRDA:23,2,0,0
BRDA:23,2,1,1
BRDA:28,3,0,1
BRDA:28,3,1,3
BRDA:37,4,0,1
BRDA:37,4,1,3
BRDA:37,5,0,4
BRDA:37,5,1,4
BRDA:37,5,2,4
BRDA:38,6,0,1
BRDA:38,6,1,0
BRDA:42,7,0,1
BRDA:42,7,1,2
BRDA:42,8,0,3
BRDA:42,8,1,1
BRDA:42,8,2,1
BRDA:44,9,0,1
BRDA:44,9,1,0
BRDA:51,10,0,0
BRDA:51,10,1,2
BRDA:52,11,0,1
BRDA:52,11,1,1
BRDA:54,12,0,0
BRDA:54,12,1,2
BRDA:54,13,0,2
BRDA:54,13,1,1
BRDA:55,14,0,2
BRDA:55,14,1,1
BRDA:58,15,0,2
BRDA:58,15,1,0
BRDA:59,16,0,1
BRDA:59,16,1,1
BRF:36
BRH:28
end_of_record
TN:
SF:architecture/anchor/AnchorMetrics.ts
FN:17,anchorAccuracyScore
FN:47,recordTransitionMetric
FN:53,getRecentTransitionMetrics
FN:57,resetTransitionMetrics
FNF:4
FNH:4
FNDA:7,anchorAccuracyScore
FNDA:109,recordTransitionMetric
FNDA:2,getRecentTransitionMetrics
FNDA:1,resetTransitionMetrics
DA:13,2
DA:14,2
DA:21,7
DA:22,7
DA:23,6
DA:25,6
DA:26,6
DA:27,5
DA:29,5
DA:33,5
DA:34,5
DA:35,0
DA:39,0
DA:40,0
DA:42,0
DA:44,5
DA:48,109
DA:49,109
DA:50,109
DA:54,2
DA:58,1
LF:21
LH:17
BRDA:21,0,0,0
BRDA:21,0,1,7
BRDA:21,1,0,7
BRDA:21,1,1,7
BRDA:22,2,0,1
BRDA:22,2,1,6
BRDA:23,3,0,0
BRDA:23,3,1,6
BRDA:26,4,0,1
BRDA:26,4,1,5
BRDA:29,5,0,5
BRDA:29,5,1,0
BRDA:30,6,0,5
BRDA:30,6,1,5
BRDA:35,7,0,0
BRDA:35,7,1,0
BRDA:36,8,0,0
BRDA:36,8,1,0
BRDA:49,9,0,5
BRDA:49,9,1,104
BRDA:50,10,0,109
BRDA:50,10,1,0
BRF:22
BRH:14
end_of_record
TN:
SF:architecture/anchor/AnchorStore.ts
FN:18,(anonymous_0)
FN:23,(anonymous_1)
FN:24,(anonymous_2)
FN:25,(anonymous_3)
FN:26,(anonymous_4)
FN:27,(anonymous_5)
FN:27,(anonymous_6)
FNF:7
FNH:5
FNDA:1,(anonymous_0)
FNDA:2,(anonymous_1)
FNDA:3,(anonymous_2)
FNDA:3,(anonymous_3)
FNDA:30,(anonymous_4)
FNDA:0,(anonymous_5)
FNDA:0,(anonymous_6)
DA:16,1
DA:18,1
DA:23,2
DA:24,3
DA:25,3
DA:26,30
DA:27,0
DA:33,1
LF:8
LH:7
BRDA:28,0,0,0
BRDA:28,0,1,0
BRF:2
BRH:0
end_of_record
TN:
SF:architecture/anchor/AnchorTypes.ts
FNF:0
FNH:0
LF:0
LH:0
BRF:0
BRH:0
end_of_record
TN:
SF:architecture/anchor/HorizontalAnchorAdapter.ts
FN:7,generatedPageDestination
FN:19,generatedPageForAnchor
FN:26,(anonymous_2)
FN:26,(anonymous_3)
FN:31,(anonymous_4)
FN:31,(anonymous_5)
FN:36,(anonymous_6)
FN:36,(anonymous_7)
FN:41,createHorizontalAnchorAdapter
FN:50,(anonymous_9)
FN:54,(anonymous_10)
FN:58,(anonymous_11)
FN:62,(anonymous_12)
FN:77,(anonymous_13)
FNF:14
FNH:4
FNDA:1,generatedPageDestination
FNDA:50010,generatedPageForAnchor
FNDA:100021,(anonymous_2)
FNDA:100021,(anonymous_3)
FNDA:0,(anonymous_4)
FNDA:0,(anonymous_5)
FNDA:0,(anonymous_6)
FNDA:0,(anonymous_7)
FNDA:0,createHorizontalAnchorAdapter
FNDA:0,(anonymous_9)
FNDA:0,(anonymous_10)
FNDA:0,(anonymous_11)
FNDA:0,(anonymous_12)
FNDA:0,(anonymous_13)
DA:12,1
DA:23,50010
DA:24,50010
DA:25,50010
DA:26,100021
DA:27,100021
DA:30,50010
DA:31,0
DA:32,0
DA:34,0
DA:36,0
DA:39,2
DA:48,0
DA:49,0
DA:51,0
DA:52,0
DA:53,0
DA:54,0
DA:56,0
DA:59,0
DA:60,0
DA:63,0
DA:64,0
DA:65,0
DA:66,0
DA:67,0
DA:68,0
DA:69,0
DA:70,0
DA:71,0
DA:72,0
DA:75,0
DA:77,0
DA:79,0
DA:80,0
LF:35
LH:8
BRDA:10,0,0,0
BRDA:23,1,0,0
BRDA:23,1,1,50010
BRDA:24,2,0,50010
BRDA:24,2,1,0
BRDA:27,3,0,100021
BRDA:27,3,1,50011
BRDA:27,3,2,50011
BRDA:27,3,3,50011
BRDA:30,4,0,50010
BRDA:30,4,1,0
BRDA:32,5,0,0
BRDA:32,5,1,0
BRDA:34,6,0,0
BRDA:34,6,1,0
BRDA:48,7,0,0
BRDA:48,7,1,0
BRDA:53,8,0,0
BRDA:53,8,1,0
BRDA:63,9,0,0
BRDA:63,9,1,0
BRDA:67,10,0,0
BRDA:67,10,1,0
BRDA:67,11,0,0
BRDA:67,11,1,0
BRDA:69,12,0,0
BRDA:69,12,1,0
BRDA:71,13,0,0
BRDA:71,13,1,0
BRDA:72,14,0,0
BRDA:72,14,1,0
BRDA:83,15,0,0
BRDA:83,15,1,0
BRF:33
BRH:7
end_of_record
TN:
SF:architecture/anchor/OriginalAnchorAdapter.ts
FN:8,originalDestination
FN:12,originalHighlightTarget
FN:19,(anonymous_2)
FN:20,(anonymous_3)
FN:43,createOriginalAnchorAdapter
FN:49,(anonymous_5)
FN:53,(anonymous_6)
FN:57,(anonymous_7)
FN:61,(anonymous_8)
FNF:9
FNH:1
FNDA:50005,originalDestination
FNDA:0,originalHighlightTarget
FNDA:0,(anonymous_2)
FNDA:0,(anonymous_3)
FNDA:0,createOriginalAnchorAdapter
FNDA:0,(anonymous_5)
FNDA:0,(anonymous_6)
FNDA:0,(anonymous_7)
FNDA:0,(anonymous_8)
DA:9,50005
DA:17,0
DA:18,0
DA:19,0
DA:20,0
DA:21,0
DA:22,0
DA:23,0
DA:27,0
DA:28,0
DA:31,0
DA:48,0
DA:50,0
DA:51,0
DA:52,0
DA:53,0
DA:55,0
DA:58,0
DA:59,0
DA:62,0
DA:63,0
DA:64,0
LF:22
LH:1
BRDA:8,0,0,0
BRDA:17,1,0,0
BRDA:17,1,1,0
BRDA:18,2,0,0
BRDA:18,2,1,0
BRDA:20,3,0,0
BRDA:20,3,1,0
BRDA:21,4,0,0
BRDA:21,4,1,0
BRDA:21,5,0,0
BRDA:21,5,1,0
BRDA:25,6,0,0
BRDA:25,6,1,0
BRDA:25,7,0,0
BRDA:25,7,1,0
BRDA:28,8,0,0
BRDA:28,8,1,0
BRDA:28,9,0,0
BRDA:28,9,1,0
BRDA:33,10,0,0
BRDA:33,10,1,0
BRDA:35,11,0,0
BRDA:35,11,1,0
BRDA:52,12,0,0
BRDA:52,12,1,0
BRF:25
BRH:0
end_of_record
TN:
SF:architecture/anchor/TransitionController.ts
FN:15,(anonymous_0)
FN:20,(anonymous_1)
FN:33,(anonymous_2)
FN:47,(anonymous_3)
FN:72,(anonymous_4)
FNF:5
FNH:5
FNDA:53,(anonymous_0)
FNDA:5,(anonymous_1)
FNDA:20,(anonymous_2)
FNDA:5,(anonymous_3)
FNDA:6,(anonymous_4)
DA:9,1
DA:10,1
DA:13,5
DA:16,53
DA:17,53
DA:21,5
DA:22,5
DA:23,1
DA:24,1
DA:30,1
DA:34,20
DA:35,20
DA:36,20
DA:37,20
DA:43,20
DA:44,20
DA:54,5
DA:55,5
DA:56,5
DA:57,5
DA:58,5
DA:59,5
DA:60,5
DA:61,4
DA:62,4
DA:63,4
DA:64,4
DA:65,4
DA:66,4
DA:67,4
DA:68,6
DA:69,6
DA:70,6
DA:71,6
DA:72,6
DA:73,6
DA:74,6
DA:75,6
DA:76,6
DA:77,6
DA:78,3
DA:79,3
DA:83,3
DA:84,3
DA:85,3
DA:86,3
DA:95,3
DA:104,3
DA:105,0
DA:113,3
DA:114,0
DA:122,3
DA:124,3
DA:131,3
DA:132,3
DA:140,1
DA:142,2
DA:143,1
DA:144,1
DA:145,1
DA:146,1
DA:153,1
DA:160,1
DA:161,1
DA:166,1
LF:65
LH:63
BRDA:17,0,0,53
BRDA:17,0,1,51
BRDA:20,1,0,5
BRDA:22,2,0,4
BRDA:22,2,1,1
BRDA:30,3,0,1
BRDA:30,3,1,0
BRDA:34,4,0,0
BRDA:34,4,1,20
BRDA:43,5,0,20
BRDA:43,5,1,0
BRDA:60,6,0,1
BRDA:60,6,1,4
BRDA:60,7,0,5
BRDA:60,7,1,4
BRDA:60,8,0,1
BRDA:60,8,1,0
BRDA:62,9,0,0
BRDA:62,9,1,4
BRDA:62,10,0,4
BRDA:62,10,1,0
BRDA:63,11,0,0
BRDA:63,11,1,4
BRDA:65,12,0,0
BRDA:65,12,1,4
BRDA:66,13,0,0
BRDA:66,13,1,4
BRDA:70,14,0,0
BRDA:70,14,1,6
BRDA:71,15,0,0
BRDA:71,15,1,6
BRDA:71,16,0,6
BRDA:71,16,1,0
BRDA:71,17,0,0
BRDA:71,17,1,0
BRDA:73,18,0,0
BRDA:73,18,1,6
BRDA:75,19,0,6
BRDA:75,19,1,0
BRDA:76,20,0,0
BRDA:76,20,1,6
BRDA:77,21,0,3
BRDA:77,21,1,3
BRDA:80,22,0,3
BRDA:80,22,1,0
BRDA:81,23,0,3
BRDA:81,23,1,0
BRDA:104,24,0,0
BRDA:104,24,1,3
BRDA:113,25,0,0
BRDA:113,25,1,3
BRDA:131,26,0,3
BRDA:131,26,1,0
BRDA:135,27,0,3
BRDA:135,27,1,0
BRDA:142,28,0,1
BRDA:142,28,1,1
BRDA:143,29,0,1
BRDA:143,29,1,0
BRDA:144,30,0,0
BRDA:144,30,1,1
BRDA:145,31,0,1
BRDA:145,31,1,0
BRDA:158,32,0,0
BRDA:158,32,1,1
BRDA:160,33,0,1
BRDA:160,33,1,0
BRF:67
BRH:39
end_of_record
TN:
SF:architecture/anchor/TranslationAnchorMapper.ts
FN:3,(anonymous_0)
FN:6,(anonymous_1)
FN:11,toTranslationAnchor
FN:15,toSourceAnchor
FN:26,proportionalWordIndex
FNF:5
FNH:5
FNDA:50006,(anonymous_0)
FNDA:3,(anonymous_1)
FNDA:50005,toTranslationAnchor
FNDA:1,toSourceAnchor
FNDA:4,proportionalWordIndex
DA:3,2
DA:4,50006
DA:6,2
DA:7,3
DA:8,3
DA:12,50005
DA:16,1
DA:27,4
DA:28,3
LF:9
LH:9
BRDA:8,0,0,2
BRDA:8,0,1,1
BRDA:12,1,0,50005
BRDA:12,1,1,0
BRDA:19,2,0,1
BRDA:19,2,1,0
BRDA:19,3,0,0
BRDA:19,3,1,0
BRDA:27,4,0,1
BRDA:27,4,1,3
BRDA:28,5,0,3
BRDA:28,5,1,0
BRF:12
BRH:7
end_of_record
TN:
SF:architecture/anchor/VerticalAnchorAdapter.ts
FN:9,verticalDestination
FN:24,verticalRestoreMessage
FN:28,anchorFromVisibleWord
FN:45,anchorsMatch
FN:85,createVerticalAnchorAdapter
FN:94,(anonymous_5)
FN:98,(anonymous_6)
FN:102,(anonymous_7)
FN:106,(anonymous_8)
FN:125,(anonymous_9)
FNF:10
FNH:3
FNDA:50009,verticalDestination
FNDA:0,verticalRestoreMessage
FNDA:1,anchorFromVisibleWord
FNDA:2,anchorsMatch
FNDA:0,createVerticalAnchorAdapter
FNDA:0,(anonymous_5)
FNDA:0,(anonymous_6)
FNDA:0,(anonymous_7)
FNDA:0,(anonymous_8)
FNDA:0,(anonymous_9)
DA:13,50009
DA:25,0
DA:36,1
DA:49,2
DA:50,2
DA:51,2
DA:52,2
DA:59,0
DA:61,2
DA:67,2
DA:69,0
DA:71,0
DA:83,2
DA:92,0
DA:93,0
DA:95,0
DA:96,0
DA:97,0
DA:98,0
DA:100,0
DA:103,0
DA:104,0
DA:107,0
DA:108,0
DA:109,0
DA:110,0
DA:111,0
DA:115,0
DA:116,0
DA:117,0
DA:118,0
DA:119,0
DA:120,0
DA:123,0
DA:125,0
DA:127,0
DA:128,0
LF:37
LH:9
BRDA:11,0,0,0
BRDA:39,1,0,1
BRDA:39,1,1,0
BRDA:39,2,0,1
BRDA:39,2,1,1
BRDA:49,3,0,0
BRDA:49,3,1,2
BRDA:49,4,0,2
BRDA:49,4,1,2
BRDA:50,5,0,2
BRDA:50,5,1,0
BRDA:51,6,0,0
BRDA:51,6,1,2
BRDA:52,7,0,0
BRDA:52,7,1,2
BRDA:61,8,0,2
BRDA:61,8,1,0
BRDA:62,9,0,2
BRDA:62,9,1,2
BRDA:92,10,0,0
BRDA:92,10,1,0
BRDA:97,11,0,0
BRDA:97,11,1,0
BRDA:107,12,0,0
BRDA:107,12,1,0
BRDA:111,13,0,0
BRDA:111,13,1,0
BRDA:112,14,0,0
BRDA:112,14,1,0
BRDA:117,15,0,0
BRDA:117,15,1,0
BRDA:119,16,0,0
BRDA:119,16,1,0
BRDA:120,17,0,0
BRDA:120,17,1,0
BRDA:128,18,0,0
BRDA:128,18,1,0
BRF:37
BRH:12
end_of_record
